Results generated by fwts: Version V16.01.00 (2016-01-13 08:23:12).

Some of this work - Copyright (c) 1999 - 2016, Intel Corp. All rights reserved.
Some of this work - Copyright (c) 2010 - 2016, Canonical.

This test run on 10/02/16 at 10:43:48 on host Linux fwts-live 4.2.0-18-generic
#22~14.04.1-Ubuntu SMP Fri Nov 6 22:20:11 UTC 2015 x86_64.

Command: "fwts --force-clean --skip-test=s3 --batch --uefitests
--show-progress-dialog --log-type plaintext".
Running tests: version bios_info oops klog mtrr acpiinfo uefirtauthvar
uefibootpath securebootcert uefirtmisc uefirtvariable uefirttime csm maxreadreq
crs aspm dmicheck microcode msr nx cpufreq maxfreq virt pnp pciirq mpcheck
hda_audio ebda bios32 apicedge xenv xsdt wmi wdat wakealarm waet uefi tpm2 tcpa
syntaxcheck stao srat spmi spcr slit slic sbst rsdt rsdp pcc osilinux method
msdm mchi mcfg madt lpit iort hpet hest gtdt fpdt fan fadt facs erst ecdt dmar
dbg2 dbgp cstates csrt cpep checksum autobrightness boot bgrt bert aspt asf
apicinstance acpitables.

version: Gather kernel system information.
--------------------------------------------------------------------------------
Test 1 of 4: Gather kernel signature.
Signature: Ubuntu 4.2.0-18.22~14.04.1-generic 4.2.3

Test 2 of 4: Gather kernel system information.
Kernel Version: Linux version 4.2.0-18-generic (buildd@lgw01-55) (gcc version
4.8.2 (Ubuntu 4.8.2-19ubuntu1) ) #22~14.04.1-Ubuntu SMP Fri Nov 6 22:20:11 UTC
2015

Test 3 of 4: Gather kernel boot command line.
Kernel boot command line: initrd=/casper/initrd.lz boot=casper config
ip=frommedia persistent noprompt splash quiet FWTS_AUTO_SHUTDOWN=1
username=ubuntu hostname=fwts-live quiet BOOT_IMAGE=/casper/vmlinuz

Test 4 of 4: Gather ACPI driver version.
ACPI Version: 20150619

================================================================================
0 passed, 0 failed, 0 warning, 0 aborted, 0 skipped, 4 info only.
================================================================================

bios_info: Gather BIOS DMI information.
--------------------------------------------------------------------------------
Test 1 of 1: Gather BIOS DMI information
BIOS Vendor       : Dell Inc.
BIOS Version      : 2.4.0
BIOS Release Date : 01/13/2011
Board Name        : 0D735T
Board Serial #    : removed
Board Version     : A00
Board Asset Tag   : 
Chassis Serial #  : removed
Chassis Type      : 3
Chassis Vendor    : Dell Inc.
Chassis Version   : 
Chassic Asset Tag : 
Product Name      : Vostro 430
Product Serial #  : removed
Product UUID      : removed
Product Version   : 00
System Vendor     : Dell Inc.

================================================================================
0 passed, 0 failed, 0 warning, 0 aborted, 0 skipped, 1 info only.
================================================================================

oops: Scan kernel log for Oopses.
--------------------------------------------------------------------------------
Test 1 of 1: Kernel log oops check.
PASSED: Test 1, Found no oopses in kernel log.
PASSED: Test 1, Found no WARN_ON warnings in kernel log.

================================================================================
2 passed, 0 failed, 0 warning, 0 aborted, 0 skipped, 0 info only.
================================================================================

klog: Scan kernel log for errors and warnings.
--------------------------------------------------------------------------------
Test 1 of 1: Kernel log error check.
Kernel message: [ 0.245518] ACPI Exception: AE_NOT_FOUND, While evaluating Sleep
State [\_S1_] (20150619/hwxface-580)

ADVICE: The exception comes from kernel cannot find _S1 namespace object that
contains the register values for the sleep state when kernel would like to setup
all the sleep state information. This means that the kernel does not know how to
enter the S1 sleep state, however, it should not be a problem if the S1 sleep
state isn't supported intentionally.

Kernel message: [ 0.245521] ACPI Exception: AE_NOT_FOUND, While evaluating Sleep
State [\_S2_] (20150619/hwxface-580)

ADVICE: The exception comes from kernel cannot find _S2 namespace object that
contains the register values for the sleep state when kernel would like to setup
all the sleep state information. This means that the kernel does not know how to
enter the S2 sleep state, however, it should not be a problem if the S2 sleep
state isn't supported intentionally.

PASSED: Test 1, Found no errors in kernel log.

================================================================================
1 passed, 0 failed, 0 warning, 0 aborted, 0 skipped, 0 info only.
================================================================================

mtrr: MTRR tests.
--------------------------------------------------------------------------------
MTRR overview
-------------
Reg 0: 0x0000000000000000 - 0x0000000080000000 (  2048 MB)   Write-Back
Reg 1: 0x0000000080000000 - 0x00000000c0000000 (  1024 MB)   Write-Back
Reg 2: 0x0000000100000000 - 0x0000000200000000 (  4096 MB)   Write-Back
Reg 3: 0x0000000200000000 - 0x0000000300000000 (  4096 MB)   Write-Back
Reg 4: 0x0000000300000000 - 0x0000000340000000 (  1024 MB)   Write-Back

Test 1 of 3: Validate the kernel MTRR IOMEM setup.
PASSED: Test 1, Memory ranges seem to have correct attributes.

Test 2 of 3: Validate the MTRR setup across all processors.
PASSED: Test 2, All processors have the a consistent MTRR setup.

Test 3 of 3: Test for AMD MtrrFixDramModEn being cleared by the BIOS.
SKIPPED: Test 3, CPU is not an AMD, cannot test.

================================================================================
2 passed, 0 failed, 0 warning, 0 aborted, 1 skipped, 0 info only.
================================================================================

acpiinfo: General ACPI information test.
--------------------------------------------------------------------------------
Test 1 of 3: Determine Kernel ACPI version.
Kernel ACPICA driver version: 20150619, supports ACPI 5.0

Test 2 of 3: Determine machine's ACPI version.
FACP ACPI Version: 1.0 

Test 3 of 3: Determine AML compiler.
Determine the compiler used to generate the ACPI AML in the DSDT and SSDT.
Table DSDT, OEM A7448, created with INTL (Intel) compiler.

================================================================================
0 passed, 0 failed, 0 warning, 0 aborted, 0 skipped, 3 info only.
================================================================================

uefirtauthvar: Authenticated variable tests.
--------------------------------------------------------------------------------
Cannot detect any UEFI firmware. Aborted.
Aborted test, initialisation failed.
================================================================================
0 passed, 0 failed, 0 warning, 12 aborted, 0 skipped, 0 info only.
================================================================================

uefibootpath: Sanity check for UEFI Boot Path Boot####.
--------------------------------------------------------------------------------
Cannot detect any UEFI firmware. Aborted.
Aborted test, initialisation failed.
================================================================================
0 passed, 0 failed, 0 warning, 1 aborted, 0 skipped, 0 info only.
================================================================================

securebootcert: UEFI secure boot test.
--------------------------------------------------------------------------------
Cannot detect any UEFI firmware. Aborted.
================================================================================
0 passed, 0 failed, 0 warning, 0 aborted, 1 skipped, 0 info only.
================================================================================

uefirtmisc: UEFI miscellaneous runtime service interface tests.
--------------------------------------------------------------------------------
Cannot detect any UEFI firmware. Aborted.
Aborted test, initialisation failed.
================================================================================
0 passed, 0 failed, 0 warning, 3 aborted, 0 skipped, 0 info only.
================================================================================

uefirtvariable: UEFI Runtime service variable interface tests.
--------------------------------------------------------------------------------
Cannot detect any UEFI firmware. Aborted.
Aborted test, initialisation failed.
================================================================================
0 passed, 0 failed, 0 warning, 8 aborted, 0 skipped, 0 info only.
================================================================================

uefirttime: UEFI Runtime service time interface tests.
--------------------------------------------------------------------------------
Cannot detect any UEFI firmware. Aborted.
Aborted test, initialisation failed.
================================================================================
0 passed, 0 failed, 0 warning, 35 aborted, 0 skipped, 0 info only.
================================================================================

csm: UEFI Compatibility Support Module test.
--------------------------------------------------------------------------------
Test 1 of 1: UEFI Compatibility Support Module test.
Checking for UEFI Compatibility Support Module (CSM)
Int 10h jumps to 0xc03a2 in option ROM at: 0xc0000..0xd0000
No CSM: Legacy BIOS firmware has video option ROM with Int 10h support.

================================================================================
0 passed, 0 failed, 0 warning, 0 aborted, 0 skipped, 1 info only.
================================================================================

maxreadreq: Test firmware has set PCI Express MaxReadReq to a higher value on
non-motherboard devices.
--------------------------------------------------------------------------------
Test 1 of 1: Test firmware settings MaxReadReq for PCI Express devices.
PASSED: Test 1, All devices have MaxReadReq set > 128.

================================================================================
1 passed, 0 failed, 0 warning, 0 aborted, 0 skipped, 0 info only.
================================================================================

crs: Test PCI host bridge configuration using _CRS.
--------------------------------------------------------------------------------
Test 1 of 1: Test PCI host bridge configuration using _CRS.
PASSED: Test 1, The kernel has detected a BIOS newer than the end of 2007 (1/13
/2011) and has assumed that your BIOS can correctly specify the host bridge MMIO
aperture using _CRS. If this does not work correctly you can override this by
booting with "pci=nocrs".

================================================================================
1 passed, 0 failed, 0 warning, 0 aborted, 0 skipped, 0 info only.
================================================================================

aspm: PCIe ASPM test.
--------------------------------------------------------------------------------
Test 1 of 2: PCIe ASPM ACPI test.
PCIe ASPM is controlled by Linux kernel.

Test 2 of 2: PCIe ASPM registers test.
WARNING: Test 2, RP 00h:03h.00h L0s not enabled.
WARNING: Test 2, RP 00h:03h.00h L1 not enabled.
WARNING: Test 2, Device 01h:00h.00h L0s not enabled.
WARNING: Test 2, Device 01h:00h.00h L1 not enabled.

ADVICE: The ASPM L0s low power Link state is optimized for short entry and exit
latencies, while providing substantial power savings. Disabling L0s of a PCIe
device may increases power consumption, and will impact the battery life of a
mobile system.


ADVICE: The ASPM L1 low power Link state is optimized for maximum power savings
with longer entry and exit latencies. Disabling L1 of a PCIe device may
increases power consumption, and will impact the battery life of a mobile system
significantly.

PASSED: Test 2, PCIe ASPM setting matched was matched.
WARNING: Test 2, RP 00h:1Ch.00h L0s not enabled.
WARNING: Test 2, RP 00h:1Ch.00h L1 not enabled.
WARNING: Test 2, Device 02h:00h.00h L0s not enabled.
WARNING: Test 2, Device 02h:00h.00h L1 not enabled.

ADVICE: The ASPM L0s low power Link state is optimized for short entry and exit
latencies, while providing substantial power savings. Disabling L0s of a PCIe
device may increases power consumption, and will impact the battery life of a
mobile system.


ADVICE: The ASPM L1 low power Link state is optimized for maximum power savings
with longer entry and exit latencies. Disabling L1 of a PCIe device may
increases power consumption, and will impact the battery life of a mobile system
significantly.

PASSED: Test 2, PCIe ASPM setting matched was matched.

================================================================================
2 passed, 0 failed, 8 warnings, 0 aborted, 0 skipped, 0 info only.
================================================================================

dmicheck: DMI/SMBIOS table tests.
--------------------------------------------------------------------------------
Test 1 of 3: Find and test SMBIOS Table Entry Points.
This test tries to find and sanity check the SMBIOS data structures.
PASSED: Test 1, Found SMBIOS Table Entry Point at 0xfad90
SMBIOS Entry Point Structure:
  Anchor String          : _SM_
  Checksum               : 0xbe
  Entry Point Length     : 0x1f
  Major Version          : 0x02
  Minor Version          : 0x06
  Maximum Struct Size    : 0xbd
  Entry Point Revision   : 0x00
  Formatted Area         : 0x00 0x00 0x00 0x00 0x00
  Intermediate Anchor    : _DMI_
  Intermediate Checksum  : 0xfe
  Structure Table Length : 0x04bc
  Structure Table Address: 0x000fcfb0
  # of SMBIOS Structures : 0x001c
  SBMIOS BCD Revision    : 00
    BCD Revision 00 indicates compliance with specification stated in Major/Minor Version.

PASSED: Test 1, SMBIOS Table Entry Point Checksum is valid.
PASSED: Test 1, SMBIOS Table Entry Point Length is valid.
PASSED: Test 1, SMBIOS Table Entry Intermediate Anchor String _DMI_ is valid.
PASSED: Test 1, SMBIOS Table Entry Point Intermediate Checksum is valid.
PASSED: Test 1, SMBIOS Table Entry Structure Table Address and Length looks
valid.

Test 2 of 3: Test DMI/SMBIOS tables for errors.
PASSED: Test 2, Entry @ 0x000fcfb0 'BIOS Information (Type 0)'
PASSED: Test 2, Entry @ 0x000fcfe4 'System Information (Type 1)'
PASSED: Test 2, Entry @ 0x000fd024 'Base Board Information (Type 2)'
PASSED: Test 2, Entry @ 0x000fd05f 'Chassis Information (Type 3)'
FAILED [LOW] DMISerialNumber: Test 2, String index 0x04 in table entry
'Processor Information (Type 4)' @ 0x000fd08b, field 'Serial Number', offset
0x20 has a default value 'To Be Filled By O.E.M.' and probably has not been
updated by the BIOS vendor.

ADVICE: The DMI table contains data which is clearly been left in a default
setting and not been configured for this machine. Somebody has probably
forgotten to define this field and it basically means this field is effectively
useless, however the kernel does not use this data so the issue is fairly low.

FAILED [LOW] DMISerialNumber: Test 2, String index 0x05 in table entry
'Processor Information (Type 4)' @ 0x000fd08b, field 'Asset Tag', offset 0x21
has a default value 'To Be Filled By O.E.M.' and probably has not been updated
by the BIOS vendor.

ADVICE: The DMI table contains data which is clearly been left in a default
setting and not been configured for this machine. Somebody has probably
forgotten to define this field and it basically means this field is effectively
useless, however the kernel does not use this data so the issue is fairly low.

FAILED [LOW] DMISerialNumber: Test 2, String index 0x06 in table entry
'Processor Information (Type 4)' @ 0x000fd08b, field 'Part Number', offset 0x22
has a default value 'To Be Filled By O.E.M.' and probably has not been updated
by the BIOS vendor.

ADVICE: The DMI table contains data which is clearly been left in a default
setting and not been configured for this machine. Somebody has probably
forgotten to define this field and it basically means this field is effectively
useless, however the kernel does not use this data so the issue is fairly low.


ADVICE: It may be worth checking against section 7.5 of the System Management
BIOS (SMBIOS) Reference Specification (see http://www.dmtf.org/standards
/smbios).

PASSED: Test 2, Entry @ 0x000fd148 'Cache Information (Type 7)'
PASSED: Test 2, Entry @ 0x000fd165 'Cache Information (Type 7)'
PASSED: Test 2, Entry @ 0x000fd182 'Cache Information (Type 7)'
PASSED: Test 2, Entry @ 0x000fd19f 'System Slot Information (Type 9)'
PASSED: Test 2, Entry @ 0x000fd1b7 'System Slot Information (Type 9)'
PASSED: Test 2, Entry @ 0x000fd1cf 'System Slot Information (Type 9)'
PASSED: Test 2, Entry @ 0x000fd1e6 'System Slot Information (Type 9)'
PASSED: Test 2, Entry @ 0x000fd1fd 'OEM Strings (Type 11)'
PASSED: Test 2, Entry @ 0x000fd210 'BIOS Language Information (Type 13)'
PASSED: Test 2, Entry @ 0x000fd237 'Physical Memory Array (Type 16)'
PASSED: Test 2, Entry @ 0x000fd248 'Memory Array Mapped Address (Type 19)'
FAILED [LOW] DMIAssetTag: Test 2, String index 0x05 in table entry 'Memory
Device (Type 17)' @ 0x000fd259, field 'Asset Tag', offset 0x19 has a default
value 'AssetTagNum0' and probably has not been updated by the BIOS vendor.

ADVICE: The DMI table contains data which is clearly been left in a default
setting and not been configured for this machine. Somebody has probably
forgotten to define this field and it basically means this field is effectively
useless, however the kernel does not use this data so the issue is fairly low.


ADVICE: It may be worth checking against section 7.18 of the System Management
BIOS (SMBIOS) Reference Specification (see http://www.dmtf.org/standards
/smbios).

PASSED: Test 2, Entry @ 0x000fd2ba 'Memory Device Mapped Address (Type 20)'
FAILED [LOW] DMISerialNumber: Test 2, String index 0x04 in table entry 'Memory
Device (Type 17)' @ 0x000fd2cf, field 'Serial Number', offset 0x18 has a default
value 'SerNum01' and probably has not been updated by the BIOS vendor.

ADVICE: The DMI table contains data which is clearly been left in a default
setting and not been configured for this machine. Somebody has probably
forgotten to define this field and it basically means this field is effectively
useless, however the kernel does not use this data so the issue is fairly low.

FAILED [LOW] DMIAssetTag: Test 2, String index 0x05 in table entry 'Memory
Device (Type 17)' @ 0x000fd2cf, field 'Asset Tag', offset 0x19 has a default
value 'AssetTagNum1' and probably has not been updated by the BIOS vendor.

ADVICE: The DMI table contains data which is clearly been left in a default
setting and not been configured for this machine. Somebody has probably
forgotten to define this field and it basically means this field is effectively
useless, however the kernel does not use this data so the issue is fairly low.


ADVICE: It may be worth checking against section 7.18 of the System Management
BIOS (SMBIOS) Reference Specification (see http://www.dmtf.org/standards
/smbios).

PASSED: Test 2, Entry @ 0x000fd330 'Memory Device Mapped Address (Type 20)'
FAILED [LOW] DMISerialNumber: Test 2, String index 0x04 in table entry 'Memory
Device (Type 17)' @ 0x000fd345, field 'Serial Number', offset 0x18 has a default
value '00000000' and probably has not been updated by the BIOS vendor.

ADVICE: The DMI table contains data which is clearly been left in a default
setting and not been configured for this machine. Somebody has probably
forgotten to define this field and it basically means this field is effectively
useless, however the kernel does not use this data so the issue is fairly low.

FAILED [LOW] DMIAssetTag: Test 2, String index 0x05 in table entry 'Memory
Device (Type 17)' @ 0x000fd345, field 'Asset Tag', offset 0x19 has a default
value 'AssetTagNum2' and probably has not been updated by the BIOS vendor.

ADVICE: The DMI table contains data which is clearly been left in a default
setting and not been configured for this machine. Somebody has probably
forgotten to define this field and it basically means this field is effectively
useless, however the kernel does not use this data so the issue is fairly low.


ADVICE: It may be worth checking against section 7.18 of the System Management
BIOS (SMBIOS) Reference Specification (see http://www.dmtf.org/standards
/smbios).

PASSED: Test 2, Entry @ 0x000fd3a6 'Memory Device Mapped Address (Type 20)'
FAILED [LOW] DMISerialNumber: Test 2, String index 0x04 in table entry 'Memory
Device (Type 17)' @ 0x000fd3bb, field 'Serial Number', offset 0x18 has a default
value 'SerNum03' and probably has not been updated by the BIOS vendor.

ADVICE: The DMI table contains data which is clearly been left in a default
setting and not been configured for this machine. Somebody has probably
forgotten to define this field and it basically means this field is effectively
useless, however the kernel does not use this data so the issue is fairly low.

FAILED [LOW] DMIAssetTag: Test 2, String index 0x05 in table entry 'Memory
Device (Type 17)' @ 0x000fd3bb, field 'Asset Tag', offset 0x19 has a default
value 'AssetTagNum3' and probably has not been updated by the BIOS vendor.

ADVICE: The DMI table contains data which is clearly been left in a default
setting and not been configured for this machine. Somebody has probably
forgotten to define this field and it basically means this field is effectively
useless, however the kernel does not use this data so the issue is fairly low.


ADVICE: It may be worth checking against section 7.18 of the System Management
BIOS (SMBIOS) Reference Specification (see http://www.dmtf.org/standards
/smbios).

PASSED: Test 2, Entry @ 0x000fd41c 'Memory Device Mapped Address (Type 20)'
PASSED: Test 2, Entry @ 0x000fd431 'System Boot Information (Type 32)'
PASSED: Test 2, Entry @ 0x000fd447 'Unknown (Type 208)'
PASSED: Test 2, Entry @ 0x000fd458 'Unknown (Type 210)'
PASSED: Test 2, Entry @ 0x000fd466 'End of Table (Type 127)'

Test 3 of 3: Test DMI/SMBIOS3 tables for errors.
SKIPPED: Test 3, Cannot find SMBIOS30 table entry, skip the test.

================================================================================
29 passed, 10 failed, 0 warning, 0 aborted, 1 skipped, 0 info only.
================================================================================

microcode: Test if system is using latest microcode.
--------------------------------------------------------------------------------
Test 1 of 1: Test for most recent microcode being loaded.
This test verifies if the firmware has put a recent revision of the microcode
into the processor at boot time. Recent microcode is important to have all the
required features and errata updates for the processor.
The kernel did not report that CPU 0 has had a microcode update. The current
firmware is revision 0x4 and probably has not been updated.
The kernel did not report that CPU 1 has had a microcode update. The current
firmware is revision 0x4 and probably has not been updated.
The kernel did not report that CPU 2 has had a microcode update. The current
firmware is revision 0x4 and probably has not been updated.
The kernel did not report that CPU 3 has had a microcode update. The current
firmware is revision 0x4 and probably has not been updated.
The kernel did not report that CPU 4 has had a microcode update. The current
firmware is revision 0x4 and probably has not been updated.
The kernel did not report that CPU 5 has had a microcode update. The current
firmware is revision 0x4 and probably has not been updated.
The kernel did not report that CPU 6 has had a microcode update. The current
firmware is revision 0x4 and probably has not been updated.
The kernel did not report that CPU 7 has had a microcode update. The current
firmware is revision 0x4 and probably has not been updated.
SKIPPED: Test 1, Could not determine from kernel log if latest microcode has
been loaded.

================================================================================
0 passed, 0 failed, 0 warning, 0 aborted, 1 skipped, 0 info only.
================================================================================

msr: MSR register tests.
--------------------------------------------------------------------------------
Test 1 of 5: Test CPU generic MSRs.
PASSED: Test 1, MSR 0x00000001 P5_MC_TYPE is consistent across 8 CPUs.
PASSED: Test 1, MSR 0x00000006 MONITOR_FILTER_SIZE is consistent across 8 CPUs.
PASSED: Test 1, MSR 0x00000017 PLATFORM_ID is consistent across 8 CPUs.
PASSED: Test 1, MSR 0x0000002a EBL_CR_POWERON is consistent across 8 CPUs.
PASSED: Test 1, MSR 0x0000001b APIC_BASE is consistent across 8 CPUs.
PASSED: Test 1, MSR 0x0000003a FEATURE_CONTROL is consistent across 8 CPUs.
PASSED: Test 1, MSR 0x0000008b BIOS_SIGN_ID is consistent across 8 CPUs.
PASSED: Test 1, MSR 0x000000fe MTRRCAP is consistent across 8 CPUs.
PASSED: Test 1, MSR 0x00000174 SYSENTER_CS is consistent across 8 CPUs.
PASSED: Test 1, MSR 0x00000175 SYSENTER_ESP is consistent across 8 CPUs.
PASSED: Test 1, MSR 0x00000176 SYSENTER_EIP is consistent across 8 CPUs.
PASSED: Test 1, MSR 0x00000179 MCG_CAP is consistent across 8 CPUs.
PASSED: Test 1, MSR 0x0000017a MCG_STATUS is consistent across 8 CPUs.
PASSED: Test 1, MSR 0x0000019a CLOCK_MODULATION is consistent across 8 CPUs.
PASSED: Test 1, MSR 0x0000019b THERM_INTERRUPT is consistent across 8 CPUs.
PASSED: Test 1, MSR 0x000001a0 MISC_ENABLE is consistent across 8 CPUs.
PASSED: Test 1, MSR 0x000001f2 SMRR_PHYSBASE is consistent across 8 CPUs.
PASSED: Test 1, MSR 0x000001f3 SMRR_PHYSMASK is consistent across 8 CPUs.
PASSED: Test 1, MSR 0x00000200 MTRR_PHYSBASE0 is consistent across 8 CPUs.
PASSED: Test 1, MSR 0x00000201 MTRR_PHYSMASK0 is consistent across 8 CPUs.
PASSED: Test 1, MSR 0x00000202 MTRR_PHYSBASE1 is consistent across 8 CPUs.
PASSED: Test 1, MSR 0x00000203 MTRR_PHYSMASK1 is consistent across 8 CPUs.
PASSED: Test 1, MSR 0x00000204 MTRR_PHYSBASE2 is consistent across 8 CPUs.
PASSED: Test 1, MSR 0x00000205 MTRR_PHYSMASK2 is consistent across 8 CPUs.
PASSED: Test 1, MSR 0x00000206 MTRR_PHYSBASE3 is consistent across 8 CPUs.
PASSED: Test 1, MSR 0x00000207 MTRR_PHYSMASK3 is consistent across 8 CPUs.
PASSED: Test 1, MSR 0x00000208 MTRR_PHYSBASE4 is consistent across 8 CPUs.
PASSED: Test 1, MSR 0x00000209 MTRR_PHYSMASK4 is consistent across 8 CPUs.
PASSED: Test 1, MSR 0x0000020a MTRR_PHYSBASE5 is consistent across 8 CPUs.
PASSED: Test 1, MSR 0x0000020b MTRR_PHYSMASK5 is consistent across 8 CPUs.
PASSED: Test 1, MSR 0x0000020c MTRR_PHYSBASE6 is consistent across 8 CPUs.
PASSED: Test 1, MSR 0x0000020d MTRR_PHYSMASK6 is consistent across 8 CPUs.
PASSED: Test 1, MSR 0x0000020e MTRR_PHYSBASE7 is consistent across 8 CPUs.
PASSED: Test 1, MSR 0x0000020f MTRR_PHYSMASK7 is consistent across 8 CPUs.
PASSED: Test 1, MSR 0x00000250 MTRR_FIX64K_000 is consistent across 8 CPUs.
PASSED: Test 1, MSR 0x00000258 MTRR_FIX16K_800 is consistent across 8 CPUs.
PASSED: Test 1, MSR 0x00000259 MTRR_FIX16K_a00 is consistent across 8 CPUs.
PASSED: Test 1, MSR 0x00000268 MTRR_FIX4K_C000 is consistent across 8 CPUs.
PASSED: Test 1, MSR 0x00000269 MTRR_FIX4K_C800 is consistent across 8 CPUs.
PASSED: Test 1, MSR 0x0000026a MTRR_FIX4K_D000 is consistent across 8 CPUs.
PASSED: Test 1, MSR 0x0000026b MTRR_FIX4K_D800 is consistent across 8 CPUs.
PASSED: Test 1, MSR 0x0000026c MTRR_FIX4K_E000 is consistent across 8 CPUs.
PASSED: Test 1, MSR 0x0000026d MTRR_FIX4K_E800 is consistent across 8 CPUs.
PASSED: Test 1, MSR 0x0000026e MTRR_FIX4K_F000 is consistent across 8 CPUs.
PASSED: Test 1, MSR 0x0000026f MTRR_FIX4K_F800 is consistent across 8 CPUs.
PASSED: Test 1, MSR 0x00000277 PAT is consistent across 8 CPUs.
PASSED: Test 1, MSR 0x00000280 MC0_CTL2 is consistent across 8 CPUs.
PASSED: Test 1, MSR 0x00000281 MC1_CTL2 is consistent across 8 CPUs.
PASSED: Test 1, MSR 0x00000282 MC2_CTL2 is consistent across 8 CPUs.
PASSED: Test 1, MSR 0x00000283 MC3_CTL2 is consistent across 8 CPUs.
PASSED: Test 1, MSR 0x00000284 MC4_CTL2 is consistent across 8 CPUs.
PASSED: Test 1, MSR 0x00000285 MC5_CTL2 is consistent across 8 CPUs.
PASSED: Test 1, MSR 0x00000286 MC6_CTL2 is consistent across 8 CPUs.
PASSED: Test 1, MSR 0x00000287 MC7_CTL2 is consistent across 8 CPUs.
PASSED: Test 1, MSR 0x00000288 MC8_CTL2 is consistent across 8 CPUs.
PASSED: Test 1, MSR 0x000002ff MTRR_DEF_TYPE is consistent across 8 CPUs.
PASSED: Test 1, MSR 0x000003f1 PEBS_ENABLE is consistent across 8 CPUs.
PASSED: Test 1, MSR 0x00000480 VMX_BASIC is consistent across 8 CPUs.
PASSED: Test 1, MSR 0x00000481 VMX_PINPASED_CTLS is consistent across 8 CPUs.
PASSED: Test 1, MSR 0x00000482 VMX_PROCBASED_CTLS is consistent across 8 CPUs.
PASSED: Test 1, MSR 0x00000483 VMX_EXIT_CTLS is consistent across 8 CPUs.
PASSED: Test 1, MSR 0x00000484 VMX_ENTRY_CTLS is consistent across 8 CPUs.
PASSED: Test 1, MSR 0x00000485 VMX_MISC is consistent across 8 CPUs.
PASSED: Test 1, MSR 0x00000486 VMX_CR0_FIXED0 is consistent across 8 CPUs.
PASSED: Test 1, MSR 0x00000487 VMX_CR0_FIXED1 is consistent across 8 CPUs.
PASSED: Test 1, MSR 0x00000488 VMX_CR4_FIXED0 is consistent across 8 CPUs.
PASSED: Test 1, MSR 0x00000489 VMX_CR4_FIXED1 is consistent across 8 CPUs.
PASSED: Test 1, MSR 0x0000048a VMX_VMX_VMCS_ENUM is consistent across 8 CPUs.
PASSED: Test 1, MSR 0x0000048b VMX_PROCBASED_CTLS2 is consistent across 8 CPUs.
PASSED: Test 1, MSR 0x0000048c VMX_EPT_VPID_CAP is consistent across 8 CPUs.
PASSED: Test 1, MSR 0x0000048d VMX_TRUE_PINBASED_CTLS is consistent across 8
CPUs.
PASSED: Test 1, MSR 0x0000048e VMX_TRUE_PROCBASED_CTLS is consistent across 8
CPUs.
PASSED: Test 1, MSR 0x0000048f VMX_TRUE_EXIT_CTLS is consistent across 8 CPUs.
PASSED: Test 1, MSR 0x00000490 VMX_TRUE_ENTRY_CTLS is consistent across 8 CPUs.
PASSED: Test 1, MSR 0xc0000080 EFER is consistent across 8 CPUs.
PASSED: Test 1, MSR 0xc0000081 STAR is consistent across 8 CPUs.
PASSED: Test 1, MSR 0xc0000082 LSTAR is consistent across 8 CPUs.
PASSED: Test 1, MSR 0xc0000084 FMASK is consistent across 8 CPUs.
PASSED: Test 1, MSR 0xc0000102 KERNEL_GS_BASE is consistent across 8 CPUs.

Test 2 of 5: Test CPU specific model MSRs.
CPU family: 0x6, model: 0x1e (Nehalem)
PASSED: Test 2, MSR 0x000000ce MSR_PLATFORM_INFO is consistent across 8 CPUs.
PASSED: Test 2, MSR 0x000000e2 MSR_PKG_CST_CONFIG_CONTROL is consistent across 8
CPUs.
PASSED: Test 2, MSR 0x000000e4 MSR_PMG_IO_CAPTURE_BASE is consistent across 8
CPUs.
PASSED: Test 2, MSR 0x000001a2 MSR_TEMPERATURE_TARGET is consistent across 8
CPUs.
PASSED: Test 2, MSR 0x000001a6 MSR_OFFCORE_RSP_0 is consistent across 8 CPUs.
PASSED: Test 2, MSR 0x000001aa MSR_MISC_PWR_MGMT is consistent across 8 CPUs.
PASSED: Test 2, MSR 0x000001ac MSR_TURBO_POWER_CURRENT_LIMIT is consistent
across 8 CPUs.
PASSED: Test 2, MSR 0x000001ad MSR_TURBO_RATIO_LIMIT is consistent across 8
CPUs.
PASSED: Test 2, MSR 0x000001fc MSR_POWER_CTL is consistent across 8 CPUs.

Test 3 of 5: Test all P State Ratios.
PASSED: Test 3, MSR 0x000000ce Minimum P-State is consistent across 8 CPUs.
PASSED: Test 3, MSR 0x000000ce Maximum P-State is consistent across 8 CPUs.

Test 4 of 5: Test C1 and C3 autodemotion.
PASSED: Test 4, MSR 0x000000e2 C1 and C3 Autodemotion is consistent across 8
CPUs.
C1 and C3 Autodemotion disabled.

Test 5 of 5: Test SMRR MSR registers.
PASSED: Test 5, MSR 0x000001f2 SMRR_PHYSBASE is consistent across 8 CPUs.
PASSED: Test 5, MSR 0x000001f2 SMRR_TYPE is consistent across 8 CPUs.
PASSED: Test 5, MSR 0x000001f3 SMRR_PHYSMASK is consistent across 8 CPUs.
PASSED: Test 5, MSR 0x000001f3 SMRR_VALID is consistent across 8 CPUs.

================================================================================
95 passed, 0 failed, 0 warning, 0 aborted, 0 skipped, 0 info only.
================================================================================

nx: Test if CPU NX is disabled by the BIOS.
--------------------------------------------------------------------------------
Test 1 of 3: Test CPU NX capability.
PASSED: Test 1, CPU has NX flags, BIOS is not disabling it.

Test 2 of 3: Test all CPUs have same BIOS set NX flag.
This test verifies that all CPUs have the same NX flag setting. Although rare,
BIOS may set the NX flag differently per CPU. 
PASSED: Test 2, All 8 CPUs have the same NX flag set.

Test 3 of 3: Test all CPUs have same msr setting in MSR 0x1a0.
This test verifies that all CPUs have the same NX flag setting by examining the
per CPU MSR register 0x1a0.
PASSED: Test 3, All 8 CPUs have the NX flag in MSR 0x1a0 set.

================================================================================
3 passed, 0 failed, 0 warning, 0 aborted, 0 skipped, 0 info only.
================================================================================

cpufreq: CPU frequency scaling tests.
--------------------------------------------------------------------------------
Can't stat cpufreq info!
Can't stat cpufreq info!
Can't stat cpufreq info!
Can't stat cpufreq info!
Can't stat cpufreq info!
Can't stat cpufreq info!
Can't stat cpufreq info!
Can't stat cpufreq info!
WARNING: Test 1, Cannot set CPU 0 governor to userspace.
Failed to intialise cpufreq to set CPU speed
Test 1 of 7: CPU frequency table consistency
PASSED: Test 1, CPU frequency tables are consistent

Test 2 of 7: CPU frequency table duplicates
PASSED: Test 2, No duplicates in CPU frequency table

Test 3 of 7: CPU frequency firmware limits
PASSED: Test 3, No BIOS limits imposed

Test 4 of 7: CPU frequency claimed maximum
PASSED: Test 4, No max frequencies present

Test 5 of 7: CPU frequency SW_ANY control
SKIPPED: Test 5, Can't set CPU frequencies

Test 6 of 7: CPU frequency SW_ALL control
SKIPPED: Test 6, Can't set CPU frequencies

Test 7 of 7: CPU frequency performance tests.
FAILED [MEDIUM] CPUFreqSetFailed: Test 7, Can't set CPU frequencies

================================================================================
4 passed, 1 failed, 0 warning, 0 aborted, 2 skipped, 0 info only.
================================================================================

maxfreq: Test max CPU frequencies against max scaling frequency.
--------------------------------------------------------------------------------
Test 1 of 1: Maximum CPU frequency test.
This test checks the maximum CPU frequency as detected by the kernel for each
CPU against maxiumum frequency as specified by the BIOS frequency scaling
settings.
PASSED: Test 1, 8 CPUs passed the maximum frequency check.

================================================================================
1 passed, 0 failed, 0 warning, 0 aborted, 0 skipped, 0 info only.
================================================================================

virt: CPU Virtualisation Configuration test.
--------------------------------------------------------------------------------
Test 1 of 1: CPU Virtualisation Configuration test.
Check VT/VMX Virtualization extensions are set up correctly.
PASSED: Test 1, Virtualization extensions supported and enabled by BIOS.

================================================================================
1 passed, 0 failed, 0 warning, 0 aborted, 0 skipped, 0 info only.
================================================================================

pnp: BIOS Support Installation structure test.
--------------------------------------------------------------------------------
Test 1 of 1: PnP BIOS Support Installation structure test.
This test tries to find and sanity check the Plug and Play BIOS Support
Installation Check structure. 

Found PnP Installation Check structure at 0x000f3b50
  Signature                          : $PnP
  Version                            : 0x10 (1.0)
  Length                             : 0x0021 bytes
  Control Field                      : 0x0000 (Not supported)
  Event Notification Flag Address    : 0x00000000 (undefined)
  Real Mode 16 bit Code Address      : 0xf000:4f02
  Real Mode 16 bit Data Address      : 0xf000:0000
  16 bit Protected Mode Code Address : 0x000f4f2a
  16 bit Protected Mode Data Address : 0x000f0000
  OEM Device Identifier              : 0x00000000 (undefined)

PASSED: Test 1, Version 1.0 detected.
PASSED: Test 1, PnP Installation Check structure is the correct length of 33
bytes.

================================================================================
2 passed, 0 failed, 0 warning, 0 aborted, 0 skipped, 0 info only.
================================================================================

pciirq: PCI IRQ Routing Table test.
--------------------------------------------------------------------------------
Test 1 of 1: PCI IRQ Routing Table test.
This test tries to find and sanity check the PCI IRQ Routing Table, as defined
by http://www.microsoft.com/taiwan/whdc/archive/pciirq.mspx and described in
pages 233-238 of PCI System Architecture, Fourth Edition, Mindshare, Inc.
(1999). NOTE: The PCI IRQ Routing Table only really knows about ISA IRQs and is
generally not used with APIC. 

Found PCI IRQ Routing Table at 0x000f3930
  Signature             : $PIR
  Version               : 0x0100 (1.0)
  Table Size            : 0x0140 bytes (18 slot entries)
  PCI Router ID         : 00:1f.0
  PCI Exclusive IRQs    : 0x0000 (none)
  Compatible PCI Router : 8086:3b00
  Miniport Data         : 0x00000000 (none)
  Reserved              : 0x00,0x00,0x00,0x00,0x00,0x00,0x00,0x00,0x00,0x00,0x00
  Checksum              : 0xf7

Bus:Dev Slot  INTA#   INTB#   INTC#   INTD#
 00:01   00  60/dcd8 61/0020 62/dcd8 63/dcd8 
 00:02   00  60/dcd8                         
 00:03   00  60/dcd8 61/0020 62/dcd8 63/dcd8 
 00:04   00  60/dcd8 61/0020 62/dcd8 63/dcd8 
 00:05   00  60/dcd8 61/0020 62/dcd8 63/dcd8 
 00:06   00  60/dcd8 61/0020 62/dcd8 63/dcd8 
 00:1f   00  62/dcd8 63/dcd8 62/dcd8         
 00:1d   00  6b/dcd8 63/dcd8 60/dcd8 62/dcd8 
 00:1a   00  60/dcd8 69/dcd8 62/dcd8 63/dcd8 
 00:1b   00  6a/dcd8                         
 00:18   00  60/dcd8                         
 00:1c   00  61/0020 60/dcd8 62/dcd8 63/dcd8 
 02:00   80  60/dcd8 61/0020 62/dcd8 63/dcd8 
 00:16   00  60/dcd8 61/0020 62/dcd8         
 00:19   00  68/dcd8                         
 02:00   00  61/0020 62/dcd8 63/dcd8 60/dcd8 
 03:00   01  60/dcd8 61/0020 62/dcd8 63/dcd8 
 03:01   02  61/0020 62/dcd8 63/dcd8 60/dcd8 

PASSED: Test 1, The Compatible PCI Interrupt Router is defined.
PASSED: Test 1, Table size was correct for 18 slot entries.
PASSED: Test 1, Reserved region is set to zero.
PASSED: Test 1, All 18 slots have sane looking link and IRQ bitmaps.

================================================================================
4 passed, 0 failed, 0 warning, 0 aborted, 0 skipped, 0 info only.
================================================================================

mpcheck: MultiProcessor Tables tests.
--------------------------------------------------------------------------------
The kernel is using the ACPI MADT for SMP configuration information, so the
Multiprocessor Tables are not used by the kernel. Any errors in the tables will
not affect the operation of Linux unless it is booted with ACPI disabled.

NOTE: Since ACPI is being used in preference to the Multiprocessor Tables, any
errors found in the mpcheck tests will be tagged as LOW errors.

Test 1 of 9: Test MP header.
PASSED: Test 1, MP header looks sane.

Test 2 of 9: Test MP CPU entries.
PASSED: Test 2, All 4 CPU entries look sane.

Test 3 of 9: Test MP Bus entries.
PASSED: Test 3, All 5 Bus Entries looked sane.

Test 4 of 9: Test MP IO APIC entries.
PASSED: Test 4, All 1 IO APIC Entries look sane.

Test 5 of 9: Test MP IO Interrupt entries.
PASSED: Test 5, All 22 IO Interrupt Entries look sane.

Test 6 of 9: Test MP Local Interrupt entries.
PASSED: Test 6, All 2 Local Interrupt Entries look sane.

Test 7 of 9: Test MP System Address entries.
PASSED: Test 7, All 0 System Address Space Mapping Entries looks sane.

Test 8 of 9: Test MP Bus Hierarchy entries.
PASSED: Test 8, All 0 Bus Hierarchy Entries look sane.

Test 9 of 9: Test MP Compatible Bus Address Space entries.
PASSED: Test 9, All 0 Compatible Bus Address Space Entries look sane.

================================================================================
9 passed, 0 failed, 0 warning, 0 aborted, 0 skipped, 0 info only.
================================================================================

hda_audio: HDA Audio Pin Configuration test.
--------------------------------------------------------------------------------
Test 1 of 1: HDA Audio Pin Configuration test.
Checking 'hwC0D0':
Vendor Name    : Realtek
Vendor ID      : 0x10ec0662
Subsystem ID   : 0x102802ec
Revision ID    : 0x100101
BIOS pin configurations:
  Pin  Setting
  0x0014 0x01014010
  0x0015 0x411111f0
  0x0016 0x411111f0
  0x0018 0x01a19830
  0x0019 0x02a19831
  0x001a 0x0181303f
  0x001b 0x0221401f
  0x001c 0x411111f0
  0x001d 0x4005c603
  0x001e 0x014b1120
PASSED: Test 1, Default BIOS pin configurations did not have software override.

Checking 'hwC1D0':
Vendor Name    : ATI
Vendor ID      : 0x1002aa01
Subsystem ID   : 0xaa0100
Revision ID    : 0x100300
BIOS pin configurations:
  Pin  Setting
  0x0003 0x185600f0
  0x0005 0x185600f0
  0x0007 0x185600f0
  0x0009 0x185600f0
  0x000b 0x185600f0
  0x000d 0x185600f0
PASSED: Test 1, Default BIOS pin configurations did not have software override.


================================================================================
2 passed, 0 failed, 0 warning, 0 aborted, 0 skipped, 0 info only.
================================================================================

ebda: Test EBDA region is mapped and reserved in memory map table.
--------------------------------------------------------------------------------
Test 1 of 1: Test EBDA is reserved in E820 table.
The Extended BIOS Data Area (EBDA) is normally located at the end of the low
640K region and is typically 2-4K in size. It should be reserved in the Int 15
AX=E820 BIOS memory map table.
PASSED: Test 1, EBDA region mapped at 0x9e800 and reserved as a 5K region in the
Int 15 AX=E820 BIOS memory map table at 0x9e800..0x9ffff.

================================================================================
1 passed, 0 failed, 0 warning, 0 aborted, 0 skipped, 0 info only.
================================================================================

bios32: BIOS32 Service Directory test.
--------------------------------------------------------------------------------
Test 1 of 1: BIOS32 Service Directory test.
This test tries to find and sanity check the BIOS32 Service Directory as defined
in the Standard BIOS 32-bit Service Directory Proposal, Revision 0.4 May 24,
1993, Phoenix Technologies Ltd and also the PCI BIOS specification.
Could not find BIOS32 Service Directory.

================================================================================
0 passed, 0 failed, 0 warning, 0 aborted, 0 skipped, 0 info only.
================================================================================

apicedge: APIC edge/level test.
--------------------------------------------------------------------------------
Test 1 of 1: Legacy and PCI Interrupt Edge/Level trigger tests.
FAILED [MEDIUM] NonLegacyIRQLevelTrig: Test 1, Non-Legacy interrupt 0 is
incorrectly level triggered.
FAILED [MEDIUM] NonLegacyIRQLevelTrig: Test 1, Non-Legacy interrupt 1 is
incorrectly level triggered.
FAILED [MEDIUM] NonLegacyIRQLevelTrig: Test 1, Non-Legacy interrupt 4 is
incorrectly level triggered.
FAILED [MEDIUM] NonLegacyIRQLevelTrig: Test 1, Non-Legacy interrupt 8 is
incorrectly level triggered.
FAILED [MEDIUM] NonLegacyIRQLevelTrig: Test 1, Non-Legacy interrupt 12 is
incorrectly level triggered.

================================================================================
0 passed, 5 failed, 0 warning, 0 aborted, 0 skipped, 0 info only.
================================================================================

xenv: XENV Xen Environment Table tests.
--------------------------------------------------------------------------------
ACPI XENV table does not exist, skipping test
Aborted test, initialisation failed.
================================================================================
0 passed, 0 failed, 0 warning, 1 aborted, 0 skipped, 0 info only.
================================================================================

xsdt: XSDT Extended System Description Table test.
--------------------------------------------------------------------------------
ACPI XSDT table does not exist, skipping test
================================================================================
0 passed, 0 failed, 0 warning, 0 aborted, 1 skipped, 0 info only.
================================================================================

wmi: Extract and analyse Windows Management Instrumentation (WMI).
--------------------------------------------------------------------------------
Test 1 of 1: Windows Management Instrumentation test.
No ACPI _WDG WMI data found.

================================================================================
0 passed, 0 failed, 0 warning, 0 aborted, 0 skipped, 0 info only.
================================================================================

wdat: WDAT Microsoft Hardware Watchdog Action Table test.
--------------------------------------------------------------------------------
ACPI WDAT table does not exist, skipping test
================================================================================
0 passed, 0 failed, 0 warning, 0 aborted, 1 skipped, 0 info only.
================================================================================

wakealarm: ACPI Wakealarm tests.
--------------------------------------------------------------------------------
Test 1 of 4: Test existence of RTC with alarm interface.
PASSED: Test 1, RTC with a RTC alarm ioctl() interface found.

Test 2 of 4: Trigger wakealarm for 1 seconds in the future.
Trigger wakealarm for 1 seconds in the future.
PASSED: Test 2, RTC wakealarm was triggered successfully.

Test 3 of 4: Test if wakealarm is fired.
PASSED: Test 3, RTC wakealarm triggered and fired successfully.

Test 4 of 4: Multiple wakealarm firing tests.
Trigger wakealarm for 1 seconds in the future.
Trigger wakealarm for 2 seconds in the future.
Trigger wakealarm for 3 seconds in the future.
Trigger wakealarm for 4 seconds in the future.
PASSED: Test 4, RTC wakealarm triggered and fired successfully.

================================================================================
4 passed, 0 failed, 0 warning, 0 aborted, 0 skipped, 0 info only.
================================================================================

waet: WAET Windows ACPI Emulated Devices Table test.
--------------------------------------------------------------------------------
ACPI WAET table does not exist, skipping test
================================================================================
0 passed, 0 failed, 0 warning, 0 aborted, 1 skipped, 0 info only.
================================================================================

uefi: UEFI Data Table test.
--------------------------------------------------------------------------------
ACPI UEFI table does not exist, skipping test
================================================================================
0 passed, 0 failed, 0 warning, 0 aborted, 1 skipped, 0 info only.
================================================================================

tpm2: TPM2 Trusted Platform Module 2 test.
--------------------------------------------------------------------------------
ACPI TPM2 table does not exist, skipping test
Aborted test, initialisation failed.
================================================================================
0 passed, 0 failed, 0 warning, 1 aborted, 0 skipped, 0 info only.
================================================================================

tcpa: TCPA Trusted Computing Platform Alliance Capabilities Table test.
--------------------------------------------------------------------------------
ACPI TCPA table does not exist, skipping test
Aborted test, initialisation failed.
================================================================================
0 passed, 0 failed, 0 warning, 1 aborted, 0 skipped, 0 info only.
================================================================================

syntaxcheck: Re-assemble DSDT and SSDTs to find syntax errors and warnings.
--------------------------------------------------------------------------------
Test 1 of 1: Disassemble and reassemble DSDT and SSDTs.

Checking ACPI table DSDT (#0)

FAILED [LOW] AMLAsmUnknown: Test 1, Assembler remark in line 117
Line | AML source
--------------------------------------------------------------------------------
00114|         OSTP,   8
00115|     }
00116| 
00117|     Method (RRIO, 4, NotSerialized)
     |               ^
     | Remark 2146: Method Argument is never used    (Arg0)
00118|     {
00119|         Store ("RRIO", Debug)
00120|     }
================================================================================
FAILED [LOW] AMLAsmUnknown: Test 1, Assembler remark in line 117
Line | AML source
--------------------------------------------------------------------------------
00114|         OSTP,   8
00115|     }
00116| 
00117|     Method (RRIO, 4, NotSerialized)
     |               ^
     | Remark 2146: Method Argument is never used    (Arg1)
00118|     {
00119|         Store ("RRIO", Debug)
00120|     }
================================================================================
FAILED [LOW] AMLAsmUnknown: Test 1, Assembler remark in line 117
Line | AML source
--------------------------------------------------------------------------------
00114|         OSTP,   8
00115|     }
00116| 
00117|     Method (RRIO, 4, NotSerialized)
     |               ^
     | Remark 2146: Method Argument is never used    (Arg2)
00118|     {
00119|         Store ("RRIO", Debug)
00120|     }
================================================================================
FAILED [LOW] AMLAsmUnknown: Test 1, Assembler remark in line 117
Line | AML source
--------------------------------------------------------------------------------
00114|         OSTP,   8
00115|     }
00116| 
00117|     Method (RRIO, 4, NotSerialized)
     |               ^
     | Remark 2146: Method Argument is never used    (Arg3)
00118|     {
00119|         Store ("RRIO", Debug)
00120|     }
================================================================================
FAILED [LOW] AMLAsmUnknown: Test 1, Assembler remark in line 122
Line | AML source
--------------------------------------------------------------------------------
00119|         Store ("RRIO", Debug)
00120|     }
00121| 
00122|     Method (RDMA, 3, NotSerialized)
     |               ^
     | Remark 2146: Method Argument is never used    (Arg0)
00123|     {
00124|         Store ("rDMA", Debug)
00125|     }
================================================================================
FAILED [LOW] AMLAsmUnknown: Test 1, Assembler remark in line 122
Line | AML source
--------------------------------------------------------------------------------
00119|         Store ("RRIO", Debug)
00120|     }
00121| 
00122|     Method (RDMA, 3, NotSerialized)
     |               ^
     | Remark 2146: Method Argument is never used    (Arg1)
00123|     {
00124|         Store ("rDMA", Debug)
00125|     }
================================================================================
FAILED [LOW] AMLAsmUnknown: Test 1, Assembler remark in line 122
Line | AML source
--------------------------------------------------------------------------------
00119|         Store ("RRIO", Debug)
00120|     }
00121| 
00122|     Method (RDMA, 3, NotSerialized)
     |               ^
     | Remark 2146: Method Argument is never used    (Arg2)
00123|     {
00124|         Store ("rDMA", Debug)
00125|     }
================================================================================
FAILED [LOW] AMLAsmASL_MSG_SERIALIZED_REQUIRED: Test 1, Assembler remark in line
143
Line | AML source
--------------------------------------------------------------------------------
00140|     }
00141| 
00142|     Name (OSVR, Ones)
00143|     Method (OSFL, 0, NotSerialized)
     |               ^
     | Remark 2120: Control Method should be made Serialized    (due to creation of named objects within)
00144|     {
00145|         If (LNotEqual (OSVR, Ones))
00146|         {
================================================================================

ADVICE: (for Remark #2120, ASL_MSG_SERIALIZED_REQUIRED): A named object is
created inside a non-serialized method - this method should be serialized. It is
possible that one thread enters the method and blocks and then a second thread
also executes the method, ending up in two attempts to create the object and
causing a failure.

FAILED [LOW] AMLAsmASL_MSG_SERIALIZED_REQUIRED: Test 1, Assembler remark in line
184
Line | AML source
--------------------------------------------------------------------------------
00181|         Return (OSVR) /* \OSVR */
00182|     }
00183| 
00184|     Method (MCTH, 2, NotSerialized)
     |               ^
     | Remark 2120: Control Method should be made Serialized    (due to creation of named objects within)
00185|     {
00186|         If (LLess (SizeOf (Arg0), SizeOf (Arg1)))
00187|         {
================================================================================

ADVICE: (for Remark #2120, ASL_MSG_SERIALIZED_REQUIRED): A named object is
created inside a non-serialized method - this method should be serialized. It is
possible that one thread enters the method and blocks and then a second thread
also executes the method, ending up in two attempts to create the object and
causing a failure.

FAILED [MEDIUM] AMLAsmUnknown: Test 1, Assembler warning in line 261
Line | AML source
--------------------------------------------------------------------------------
00258|     Method (OSYS, 0, NotSerialized)
00259|     {
00260|         Store (0x10, Local0)
00261|         If (CondRefOf (_OSI, Local1))
     |                                  ^
     | Warning 3144: Method Local is set but never used    (Local1)
00262|         {
00263|             If (_OSI ("Windows 2000"))
00264|             {
================================================================================
FAILED [LOW] AMLAsmUnknown: Test 1, Assembler remark in line 1799
Line | AML source
--------------------------------------------------------------------------------
01796|                 })
01797|             }
01798| 
01799|             Method (NPTS, 1, NotSerialized)
     |                       ^
     | Remark 2146: Method Argument is never used    (Arg0)
01800|             {
01801|             }
01802| 
================================================================================
FAILED [LOW] AMLAsmUnknown: Test 1, Assembler remark in line 1803
Line | AML source
--------------------------------------------------------------------------------
01800|             {
01801|             }
01802| 
01803|             Method (NWAK, 1, NotSerialized)
     |                       ^
     | Remark 2146: Method Argument is never used    (Arg0)
01804|             {
01805|             }
01806| 
================================================================================
FAILED [LOW] AMLAsmUnknown: Test 1, Assembler remark in line 1912
Line | AML source
--------------------------------------------------------------------------------
01909|                         }
01910|                     }
01911| 
01912|                     Method (SMOD, 1, NotSerialized)
     |                               ^
     | Remark 2146: Method Argument is never used    (Arg0)
01913|                     {
01914|                     }
01915| 
================================================================================
FAILED [LOW] AMLAsmUnknown: Test 1, Assembler remark in line 1922
Line | AML source
--------------------------------------------------------------------------------
01919|                     }
01920|                 }
01921| 
01922|                 Method (SPTS, 1, NotSerialized)
     |                           ^
     | Remark 2146: Method Argument is never used    (Arg0)
01923|                 {
01924|                     Store (One, PS1S) /* \_SB_.PCI0.SBRG.PS1S */
01925|                     Store (One, PS1E) /* \_SB_.PCI0.SBRG.PS1E */
================================================================================
FAILED [LOW] AMLAsmASL_MSG_SERIALIZED_REQUIRED: Test 1, Assembler remark in line
2410
Line | AML source
--------------------------------------------------------------------------------
02407|                 Device (FDC)
02408|                 {
02409|                     Name (_HID, EisaId ("PNP0700"))  // _HID: Hardware ID
02410|                     Method (_FDE, 0, NotSerialized)  // _FDE: Floppy Disk Enumerate
     |                               ^
     | Remark 2120: Control Method should be made Serialized    (due to creation of named objects within)
02411|                     {
02412|                         Name (FDEP, Package (0x05)
02413|                         {
================================================================================

ADVICE: (for Remark #2120, ASL_MSG_SERIALIZED_REQUIRED): A named object is
created inside a non-serialized method - this method should be serialized. It is
possible that one thread enters the method and blocks and then a second thread
also executes the method, ending up in two attempts to create the object and
causing a failure.

FAILED [LOW] AMLAsmUnknown: Test 1, Assembler remark in line 3019
Line | AML source
--------------------------------------------------------------------------------
03016|                     EXFG ()
03017|                 }
03018| 
03019|                 Method (SIOW, 1, NotSerialized)
     |                           ^
     | Remark 2146: Method Argument is never used    (Arg0)
03020|                 {
03021|                     Store ("SIOW", Debug)
03022|                     ENFG (0x0A)
================================================================================
FAILED [LOW] AMLAsmUnknown: Test 1, Assembler remark in line 3544
Line | AML source
--------------------------------------------------------------------------------
03541|                         0xEFFF
03542|                     }
03543|                 })
03544|                 Method (RRIO, 4, NotSerialized)
     |                           ^
     | Remark 2146: Method Argument is never used    (Arg3)
03545|                 {
03546|                     If (LAnd (LLessEqual (Arg0, 0x03), LGreaterEqual (Arg0, Zero)))
03547|                     {
================================================================================
FAILED [LOW] AMLAsmUnknown: Test 1, Assembler remark in line 3593
Line | AML source
--------------------------------------------------------------------------------
03590|                     }
03591|                 }
03592| 
03593|                 Method (RDMA, 3, NotSerialized)
     |                           ^
     | Remark 2146: Method Argument is never used    (Arg0)
03594|                 {
03595|                 }
03596| 
================================================================================
FAILED [LOW] AMLAsmUnknown: Test 1, Assembler remark in line 3593
Line | AML source
--------------------------------------------------------------------------------
03590|                     }
03591|                 }
03592| 
03593|                 Method (RDMA, 3, NotSerialized)
     |                           ^
     | Remark 2146: Method Argument is never used    (Arg1)
03594|                 {
03595|                 }
03596| 
================================================================================
FAILED [LOW] AMLAsmUnknown: Test 1, Assembler remark in line 3593
Line | AML source
--------------------------------------------------------------------------------
03590|                     }
03591|                 }
03592| 
03593|                 Method (RDMA, 3, NotSerialized)
     |                           ^
     | Remark 2146: Method Argument is never used    (Arg2)
03594|                 {
03595|                 }
03596| 
================================================================================
FAILED [LOW] AMLAsmASL_MSG_NOT_REFERENCED: Test 1, Assembler remark in line 3788
Line | AML source
--------------------------------------------------------------------------------
03785|                     {
03786|                         CreateDWordField (CRS, \_SB.RMEM._Y18._BAS, BAS1)  // _BAS: Base Address
03787|                         CreateDWordField (CRS, \_SB.RMEM._Y18._LEN, LEN1)  // _LEN: Length
03788|                         CreateDWordField (CRS, \_SB.RMEM._Y19._BAS, BAS2)  // _BAS: Base Address
     |                                                                       ^
     | Remark 2089: Object is not referenced    (Name is within method [_CRS])
03789|                         CreateDWordField (CRS, \_SB.RMEM._Y19._LEN, LEN2)  // _LEN: Length
03790|                         CreateDWordField (CRS, \_SB.RMEM._Y1A._LEN, LEN3)  // _LEN: Length
03791|                         CreateDWordField (CRS, \_SB.RMEM._Y1B._BAS, BAS4)  // _BAS: Base Address
================================================================================
FAILED [LOW] AMLAsmASL_MSG_NOT_REFERENCED: Test 1, Assembler remark in line 3789
Line | AML source
--------------------------------------------------------------------------------
03786|                         CreateDWordField (CRS, \_SB.RMEM._Y18._BAS, BAS1)  // _BAS: Base Address
03787|                         CreateDWordField (CRS, \_SB.RMEM._Y18._LEN, LEN1)  // _LEN: Length
03788|                         CreateDWordField (CRS, \_SB.RMEM._Y19._BAS, BAS2)  // _BAS: Base Address
03789|                         CreateDWordField (CRS, \_SB.RMEM._Y19._LEN, LEN2)  // _LEN: Length
     |                                                                       ^
     | Remark 2089: Object is not referenced    (Name is within method [_CRS])
03790|                         CreateDWordField (CRS, \_SB.RMEM._Y1A._LEN, LEN3)  // _LEN: Length
03791|                         CreateDWordField (CRS, \_SB.RMEM._Y1B._BAS, BAS4)  // _BAS: Base Address
03792|                         CreateDWordField (CRS, \_SB.RMEM._Y1B._LEN, LEN4)  // _LEN: Length
================================================================================
FAILED [LOW] AMLAsmUnknown: Test 1, Assembler remark in line 4227
Line | AML source
--------------------------------------------------------------------------------
04224|                     }
04225|                 }
04226| 
04227|                 Method (GTM, 7, Serialized)
     |                          ^
     | Remark 2146: Method Argument is never used    (Arg6)
04228|                 {
04229|                     Store (Ones, PIO0) /* \_SB_.PCI0.SATA.PIO0 */
04230|                     Store (Ones, PIO1) /* \_SB_.PCI0.SATA.PIO1 */
================================================================================
FAILED [LOW] AMLAsmUnknown: Test 1, Assembler remark in line 4949
Line | AML source
--------------------------------------------------------------------------------
04946|                     }
04947|                 }
04948| 
04949|                 Method (GTM, 7, Serialized)
     |                          ^
     | Remark 2146: Method Argument is never used    (Arg6)
04950|                 {
04951|                     Store (Ones, PIO0) /* \_SB_.PCI0.SAT1.PIO0 */
04952|                     Store (Ones, PIO1) /* \_SB_.PCI0.SAT1.PIO1 */
================================================================================
FAILED [HIGH] AMLAsmASL_MSG_RESERVED_OPERAND_TYPE: Test 1, Assembler error in
line 5285
Line | AML source
--------------------------------------------------------------------------------
05282|                             Zero
05283|                         })
05284|                         Name (_PLD, ToPLD (
05285|                             PLD_Revision       = 0x1,
     |                                       ^
     | Error 6105: Invalid object type for reserved name    (_PLD: found Buffer, Package required)
05286|                             PLD_IgnoreColor    = 0x1,
05287|                             PLD_Red            = 0x0,
05288|                             PLD_Green          = 0x0,
================================================================================

ADVICE: (for Error #6105, ASL_MSG_RESERVED_OPERAND_TYPE): The object type for
the reserved name does not match the expected type.

FAILED [HIGH] AMLAsmASL_MSG_RESERVED_OPERAND_TYPE: Test 1, Assembler error in
line 5322
Line | AML source
--------------------------------------------------------------------------------
05319|                                 Zero
05320|                             })
05321|                             Name (_PLD, ToPLD (
05322|                                 PLD_Revision       = 0x1,
     |                                           ^
     | Error 6105: Invalid object type for reserved name    (_PLD: found Buffer, Package required)
05323|                                 PLD_IgnoreColor    = 0x1,
05324|                                 PLD_Red            = 0x0,
05325|                                 PLD_Green          = 0x0,
================================================================================

ADVICE: (for Error #6105, ASL_MSG_RESERVED_OPERAND_TYPE): The object type for
the reserved name does not match the expected type.

FAILED [HIGH] AMLAsmASL_MSG_RESERVED_OPERAND_TYPE: Test 1, Assembler error in
line 5361
Line | AML source
--------------------------------------------------------------------------------
05358|                                 Zero
05359|                             })
05360|                             Name (_PLD, ToPLD (
05361|                                 PLD_Revision       = 0x1,
     |                                           ^
     | Error 6105: Invalid object type for reserved name    (_PLD: found Buffer, Package required)
05362|                                 PLD_IgnoreColor    = 0x1,
05363|                                 PLD_Red            = 0x0,
05364|                                 PLD_Green          = 0x0,
================================================================================

ADVICE: (for Error #6105, ASL_MSG_RESERVED_OPERAND_TYPE): The object type for
the reserved name does not match the expected type.

FAILED [HIGH] AMLAsmASL_MSG_RESERVED_OPERAND_TYPE: Test 1, Assembler error in
line 5400
Line | AML source
--------------------------------------------------------------------------------
05397|                                 Zero
05398|                             })
05399|                             Name (_PLD, ToPLD (
05400|                                 PLD_Revision       = 0x1,
     |                                           ^
     | Error 6105: Invalid object type for reserved name    (_PLD: found Buffer, Package required)
05401|                                 PLD_IgnoreColor    = 0x1,
05402|                                 PLD_Red            = 0x0,
05403|                                 PLD_Green          = 0x0,
================================================================================

ADVICE: (for Error #6105, ASL_MSG_RESERVED_OPERAND_TYPE): The object type for
the reserved name does not match the expected type.

FAILED [HIGH] AMLAsmASL_MSG_RESERVED_OPERAND_TYPE: Test 1, Assembler error in
line 5439
Line | AML source
--------------------------------------------------------------------------------
05436|                                 Zero
05437|                             })
05438|                             Name (_PLD, ToPLD (
05439|                                 PLD_Revision       = 0x1,
     |                                           ^
     | Error 6105: Invalid object type for reserved name    (_PLD: found Buffer, Package required)
05440|                                 PLD_IgnoreColor    = 0x1,
05441|                                 PLD_Red            = 0x0,
05442|                                 PLD_Green          = 0x0,
================================================================================

ADVICE: (for Error #6105, ASL_MSG_RESERVED_OPERAND_TYPE): The object type for
the reserved name does not match the expected type.

FAILED [HIGH] AMLAsmASL_MSG_RESERVED_OPERAND_TYPE: Test 1, Assembler error in
line 5478
Line | AML source
--------------------------------------------------------------------------------
05475|                                 Zero
05476|                             })
05477|                             Name (_PLD, ToPLD (
05478|                                 PLD_Revision       = 0x1,
     |                                           ^
     | Error 6105: Invalid object type for reserved name    (_PLD: found Buffer, Package required)
05479|                                 PLD_IgnoreColor    = 0x1,
05480|                                 PLD_Red            = 0x0,
05481|                                 PLD_Green          = 0x0,
================================================================================

ADVICE: (for Error #6105, ASL_MSG_RESERVED_OPERAND_TYPE): The object type for
the reserved name does not match the expected type.

FAILED [HIGH] AMLAsmASL_MSG_RESERVED_OPERAND_TYPE: Test 1, Assembler error in
line 5517
Line | AML source
--------------------------------------------------------------------------------
05514|                                 Zero
05515|                             })
05516|                             Name (_PLD, ToPLD (
05517|                                 PLD_Revision       = 0x1,
     |                                           ^
     | Error 6105: Invalid object type for reserved name    (_PLD: found Buffer, Package required)
05518|                                 PLD_IgnoreColor    = 0x1,
05519|                                 PLD_Red            = 0x0,
05520|                                 PLD_Green          = 0x0,
================================================================================

ADVICE: (for Error #6105, ASL_MSG_RESERVED_OPERAND_TYPE): The object type for
the reserved name does not match the expected type.

FAILED [HIGH] AMLAsmASL_MSG_RESERVED_OPERAND_TYPE: Test 1, Assembler error in
line 5556
Line | AML source
--------------------------------------------------------------------------------
05553|                                 Zero
05554|                             })
05555|                             Name (_PLD, ToPLD (
05556|                                 PLD_Revision       = 0x1,
     |                                           ^
     | Error 6105: Invalid object type for reserved name    (_PLD: found Buffer, Package required)
05557|                                 PLD_IgnoreColor    = 0x1,
05558|                                 PLD_Red            = 0x0,
05559|                                 PLD_Green          = 0x0,
================================================================================

ADVICE: (for Error #6105, ASL_MSG_RESERVED_OPERAND_TYPE): The object type for
the reserved name does not match the expected type.

FAILED [HIGH] AMLAsmASL_MSG_RESERVED_OPERAND_TYPE: Test 1, Assembler error in
line 5595
Line | AML source
--------------------------------------------------------------------------------
05592|                                 Zero
05593|                             })
05594|                             Name (_PLD, ToPLD (
05595|                                 PLD_Revision       = 0x1,
     |                                           ^
     | Error 6105: Invalid object type for reserved name    (_PLD: found Buffer, Package required)
05596|                                 PLD_IgnoreColor    = 0x1,
05597|                                 PLD_Red            = 0x0,
05598|                                 PLD_Green          = 0x0,
================================================================================

ADVICE: (for Error #6105, ASL_MSG_RESERVED_OPERAND_TYPE): The object type for
the reserved name does not match the expected type.

FAILED [HIGH] AMLAsmASL_MSG_RESERVED_OPERAND_TYPE: Test 1, Assembler error in
line 5635
Line | AML source
--------------------------------------------------------------------------------
05632|                             Zero
05633|                         })
05634|                         Name (_PLD, ToPLD (
05635|                             PLD_Revision       = 0x1,
     |                                       ^
     | Error 6105: Invalid object type for reserved name    (_PLD: found Buffer, Package required)
05636|                             PLD_IgnoreColor    = 0x1,
05637|                             PLD_Red            = 0x0,
05638|                             PLD_Green          = 0x0,
================================================================================

ADVICE: (for Error #6105, ASL_MSG_RESERVED_OPERAND_TYPE): The object type for
the reserved name does not match the expected type.

FAILED [HIGH] AMLAsmASL_MSG_RESERVED_OPERAND_TYPE: Test 1, Assembler error in
line 5674
Line | AML source
--------------------------------------------------------------------------------
05671|                             Zero
05672|                         })
05673|                         Name (_PLD, ToPLD (
05674|                             PLD_Revision       = 0x1,
     |                                       ^
     | Error 6105: Invalid object type for reserved name    (_PLD: found Buffer, Package required)
05675|                             PLD_IgnoreColor    = 0x1,
05676|                             PLD_Red            = 0x0,
05677|                             PLD_Green          = 0x0,
================================================================================

ADVICE: (for Error #6105, ASL_MSG_RESERVED_OPERAND_TYPE): The object type for
the reserved name does not match the expected type.

FAILED [HIGH] AMLAsmASL_MSG_RESERVED_OPERAND_TYPE: Test 1, Assembler error in
line 5886
Line | AML source
--------------------------------------------------------------------------------
05883|                             Zero
05884|                         })
05885|                         Name (_PLD, ToPLD (
05886|                             PLD_Revision       = 0x1,
     |                                       ^
     | Error 6105: Invalid object type for reserved name    (_PLD: found Buffer, Package required)
05887|                             PLD_IgnoreColor    = 0x1,
05888|                             PLD_Red            = 0x0,
05889|                             PLD_Green          = 0x0,
================================================================================

ADVICE: (for Error #6105, ASL_MSG_RESERVED_OPERAND_TYPE): The object type for
the reserved name does not match the expected type.

FAILED [HIGH] AMLAsmASL_MSG_RESERVED_OPERAND_TYPE: Test 1, Assembler error in
line 5923
Line | AML source
--------------------------------------------------------------------------------
05920|                                 Zero
05921|                             })
05922|                             Name (_PLD, ToPLD (
05923|                                 PLD_Revision       = 0x1,
     |                                           ^
     | Error 6105: Invalid object type for reserved name    (_PLD: found Buffer, Package required)
05924|                                 PLD_IgnoreColor    = 0x1,
05925|                                 PLD_Red            = 0x0,
05926|                                 PLD_Green          = 0x0,
================================================================================

ADVICE: (for Error #6105, ASL_MSG_RESERVED_OPERAND_TYPE): The object type for
the reserved name does not match the expected type.

FAILED [HIGH] AMLAsmASL_MSG_RESERVED_OPERAND_TYPE: Test 1, Assembler error in
line 5962
Line | AML source
--------------------------------------------------------------------------------
05959|                                 Zero
05960|                             })
05961|                             Name (_PLD, ToPLD (
05962|                                 PLD_Revision       = 0x1,
     |                                           ^
     | Error 6105: Invalid object type for reserved name    (_PLD: found Buffer, Package required)
05963|                                 PLD_IgnoreColor    = 0x1,
05964|                                 PLD_Red            = 0x0,
05965|                                 PLD_Green          = 0x0,
================================================================================

ADVICE: (for Error #6105, ASL_MSG_RESERVED_OPERAND_TYPE): The object type for
the reserved name does not match the expected type.

FAILED [HIGH] AMLAsmASL_MSG_RESERVED_OPERAND_TYPE: Test 1, Assembler error in
line 6001
Line | AML source
--------------------------------------------------------------------------------
05998|                                 Zero
05999|                             })
06000|                             Name (_PLD, ToPLD (
06001|                                 PLD_Revision       = 0x1,
     |                                           ^
     | Error 6105: Invalid object type for reserved name    (_PLD: found Buffer, Package required)
06002|                                 PLD_IgnoreColor    = 0x1,
06003|                                 PLD_Red            = 0x0,
06004|                                 PLD_Green          = 0x0,
================================================================================

ADVICE: (for Error #6105, ASL_MSG_RESERVED_OPERAND_TYPE): The object type for
the reserved name does not match the expected type.

FAILED [HIGH] AMLAsmASL_MSG_RESERVED_OPERAND_TYPE: Test 1, Assembler error in
line 6040
Line | AML source
--------------------------------------------------------------------------------
06037|                                 Zero
06038|                             })
06039|                             Name (_PLD, ToPLD (
06040|                                 PLD_Revision       = 0x1,
     |                                           ^
     | Error 6105: Invalid object type for reserved name    (_PLD: found Buffer, Package required)
06041|                                 PLD_IgnoreColor    = 0x1,
06042|                                 PLD_Red            = 0x0,
06043|                                 PLD_Green          = 0x0,
================================================================================

ADVICE: (for Error #6105, ASL_MSG_RESERVED_OPERAND_TYPE): The object type for
the reserved name does not match the expected type.

FAILED [HIGH] AMLAsmASL_MSG_RESERVED_OPERAND_TYPE: Test 1, Assembler error in
line 6079
Line | AML source
--------------------------------------------------------------------------------
06076|                                 Zero
06077|                             })
06078|                             Name (_PLD, ToPLD (
06079|                                 PLD_Revision       = 0x1,
     |                                           ^
     | Error 6105: Invalid object type for reserved name    (_PLD: found Buffer, Package required)
06080|                                 PLD_IgnoreColor    = 0x1,
06081|                                 PLD_Red            = 0x0,
06082|                                 PLD_Green          = 0x0,
================================================================================

ADVICE: (for Error #6105, ASL_MSG_RESERVED_OPERAND_TYPE): The object type for
the reserved name does not match the expected type.

FAILED [HIGH] AMLAsmASL_MSG_RESERVED_OPERAND_TYPE: Test 1, Assembler error in
line 6118
Line | AML source
--------------------------------------------------------------------------------
06115|                                 Zero
06116|                             })
06117|                             Name (_PLD, ToPLD (
06118|                                 PLD_Revision       = 0x1,
     |                                           ^
     | Error 6105: Invalid object type for reserved name    (_PLD: found Buffer, Package required)
06119|                                 PLD_IgnoreColor    = 0x1,
06120|                                 PLD_Red            = 0x0,
06121|                                 PLD_Green          = 0x0,
================================================================================

ADVICE: (for Error #6105, ASL_MSG_RESERVED_OPERAND_TYPE): The object type for
the reserved name does not match the expected type.

FAILED [HIGH] AMLAsmASL_MSG_RESERVED_OPERAND_TYPE: Test 1, Assembler error in
line 6157
Line | AML source
--------------------------------------------------------------------------------
06154|                                 Zero
06155|                             })
06156|                             Name (_PLD, ToPLD (
06157|                                 PLD_Revision       = 0x1,
     |                                           ^
     | Error 6105: Invalid object type for reserved name    (_PLD: found Buffer, Package required)
06158|                                 PLD_IgnoreColor    = 0x1,
06159|                                 PLD_Red            = 0x0,
06160|                                 PLD_Green          = 0x0,
================================================================================

ADVICE: (for Error #6105, ASL_MSG_RESERVED_OPERAND_TYPE): The object type for
the reserved name does not match the expected type.

FAILED [HIGH] AMLAsmASL_MSG_RESERVED_OPERAND_TYPE: Test 1, Assembler error in
line 6196
Line | AML source
--------------------------------------------------------------------------------
06193|                                 Zero
06194|                             })
06195|                             Name (_PLD, ToPLD (
06196|                                 PLD_Revision       = 0x1,
     |                                           ^
     | Error 6105: Invalid object type for reserved name    (_PLD: found Buffer, Package required)
06197|                                 PLD_IgnoreColor    = 0x1,
06198|                                 PLD_Red            = 0x0,
06199|                                 PLD_Green          = 0x0,
================================================================================

ADVICE: (for Error #6105, ASL_MSG_RESERVED_OPERAND_TYPE): The object type for
the reserved name does not match the expected type.

FAILED [HIGH] AMLAsmASL_MSG_RESERVED_OPERAND_TYPE: Test 1, Assembler error in
line 6236
Line | AML source
--------------------------------------------------------------------------------
06233|                             Zero
06234|                         })
06235|                         Name (_PLD, ToPLD (
06236|                             PLD_Revision       = 0x1,
     |                                       ^
     | Error 6105: Invalid object type for reserved name    (_PLD: found Buffer, Package required)
06237|                             PLD_IgnoreColor    = 0x1,
06238|                             PLD_Red            = 0x0,
06239|                             PLD_Green          = 0x0,
================================================================================

ADVICE: (for Error #6105, ASL_MSG_RESERVED_OPERAND_TYPE): The object type for
the reserved name does not match the expected type.

FAILED [HIGH] AMLAsmASL_MSG_RESERVED_OPERAND_TYPE: Test 1, Assembler error in
line 6275
Line | AML source
--------------------------------------------------------------------------------
06272|                             Zero
06273|                         })
06274|                         Name (_PLD, ToPLD (
06275|                             PLD_Revision       = 0x1,
     |                                       ^
     | Error 6105: Invalid object type for reserved name    (_PLD: found Buffer, Package required)
06276|                             PLD_IgnoreColor    = 0x1,
06277|                             PLD_Red            = 0x0,
06278|                             PLD_Green          = 0x0,
================================================================================

ADVICE: (for Error #6105, ASL_MSG_RESERVED_OPERAND_TYPE): The object type for
the reserved name does not match the expected type.

FAILED [LOW] AMLAsmASL_MSG_SERIALIZED_REQUIRED: Test 1, Assembler remark in line
7065
Line | AML source
--------------------------------------------------------------------------------
07062|         Name (XSST, 0x1A)
07063|         Name (XRCT, 0x1C)
07064|         Mutex (MUTE, 0x00)
07065|         Method (RBPE, 1, NotSerialized)
     |                   ^
     | Remark 2120: Control Method should be made Serialized    (due to creation of named objects within)
07066|         {
07067|             Acquire (MUTE, 0x03E8)
07068|             Add (Arg0, PCIB, Local0)
================================================================================

ADVICE: (for Remark #2120, ASL_MSG_SERIALIZED_REQUIRED): A named object is
created inside a non-serialized method - this method should be serialized. It is
possible that one thread enters the method and blocks and then a second thread
also executes the method, ending up in two attempts to create the object and
causing a failure.

FAILED [MEDIUM] AMLAsmASL_MSG_TIMEOUT: Test 1, Assembler warning in line 7067
Line | AML source
--------------------------------------------------------------------------------
07064|         Mutex (MUTE, 0x00)
07065|         Method (RBPE, 1, NotSerialized)
07066|         {
07067|             Acquire (MUTE, 0x03E8)
     |                                ^
     | Warning 3130: Result is not used, possible operator timeout will be missed
07068|             Add (Arg0, PCIB, Local0)
07069|             OperationRegion (PCFG, SystemMemory, Local0, One)
07070|             Field (PCFG, ByteAcc, NoLock, Preserve)
================================================================================

ADVICE: (for Warning #3130, ASL_MSG_TIMEOUT): The operation can possibly timeout
, and hence the return value indicates an timeout error. However, because the
return value is not checked this very probably indicates that the code is buggy.
A possible scenario is that a mutex times out and the code attempts to access
data in a critical region when it should not. This will lead to undefined
behaviour. This should be fixed.

FAILED [LOW] AMLAsmASL_MSG_SERIALIZED_REQUIRED: Test 1, Assembler remark in line
7079
Line | AML source
--------------------------------------------------------------------------------
07076|             Return (XCFG) /* \_SB_.RBPE.XCFG */
07077|         }
07078| 
07079|         Method (RWPE, 1, NotSerialized)
     |                   ^
     | Remark 2120: Control Method should be made Serialized    (due to creation of named objects within)
07080|         {
07081|             Acquire (MUTE, 0x03E8)
07082|             And (Arg0, 0xFFFFFFFE, Arg0)
================================================================================

ADVICE: (for Remark #2120, ASL_MSG_SERIALIZED_REQUIRED): A named object is
created inside a non-serialized method - this method should be serialized. It is
possible that one thread enters the method and blocks and then a second thread
also executes the method, ending up in two attempts to create the object and
causing a failure.

FAILED [MEDIUM] AMLAsmASL_MSG_TIMEOUT: Test 1, Assembler warning in line 7081
Line | AML source
--------------------------------------------------------------------------------
07078| 
07079|         Method (RWPE, 1, NotSerialized)
07080|         {
07081|             Acquire (MUTE, 0x03E8)
     |                                ^
     | Warning 3130: Result is not used, possible operator timeout will be missed
07082|             And (Arg0, 0xFFFFFFFE, Arg0)
07083|             Add (Arg0, PCIB, Local0)
07084|             OperationRegion (PCFG, SystemMemory, Local0, 0x02)
================================================================================

ADVICE: (for Warning #3130, ASL_MSG_TIMEOUT): The operation can possibly timeout
, and hence the return value indicates an timeout error. However, because the
return value is not checked this very probably indicates that the code is buggy.
A possible scenario is that a mutex times out and the code attempts to access
data in a critical region when it should not. This will lead to undefined
behaviour. This should be fixed.

FAILED [LOW] AMLAsmASL_MSG_SERIALIZED_REQUIRED: Test 1, Assembler remark in line
7094
Line | AML source
--------------------------------------------------------------------------------
07091|             Return (XCFG) /* \_SB_.RWPE.XCFG */
07092|         }
07093| 
07094|         Method (RDPE, 1, NotSerialized)
     |                   ^
     | Remark 2120: Control Method should be made Serialized    (due to creation of named objects within)
07095|         {
07096|             Acquire (MUTE, 0x03E8)
07097|             And (Arg0, 0xFFFFFFFC, Arg0)
================================================================================

ADVICE: (for Remark #2120, ASL_MSG_SERIALIZED_REQUIRED): A named object is
created inside a non-serialized method - this method should be serialized. It is
possible that one thread enters the method and blocks and then a second thread
also executes the method, ending up in two attempts to create the object and
causing a failure.

FAILED [MEDIUM] AMLAsmASL_MSG_TIMEOUT: Test 1, Assembler warning in line 7096
Line | AML source
--------------------------------------------------------------------------------
07093| 
07094|         Method (RDPE, 1, NotSerialized)
07095|         {
07096|             Acquire (MUTE, 0x03E8)
     |                                ^
     | Warning 3130: Result is not used, possible operator timeout will be missed
07097|             And (Arg0, 0xFFFFFFFC, Arg0)
07098|             Add (Arg0, PCIB, Local0)
07099|             OperationRegion (PCFG, SystemMemory, Local0, 0x04)
================================================================================

ADVICE: (for Warning #3130, ASL_MSG_TIMEOUT): The operation can possibly timeout
, and hence the return value indicates an timeout error. However, because the
return value is not checked this very probably indicates that the code is buggy.
A possible scenario is that a mutex times out and the code attempts to access
data in a critical region when it should not. This will lead to undefined
behaviour. This should be fixed.

FAILED [LOW] AMLAsmASL_MSG_SERIALIZED_REQUIRED: Test 1, Assembler remark in line
7109
Line | AML source
--------------------------------------------------------------------------------
07106|             Return (XCFG) /* \_SB_.RDPE.XCFG */
07107|         }
07108| 
07109|         Method (WBPE, 2, NotSerialized)
     |                   ^
     | Remark 2120: Control Method should be made Serialized    (due to creation of named objects within)
07110|         {
07111|             Acquire (MUTE, 0x0FFF)
07112|             Add (Arg0, PCIB, Local0)
================================================================================

ADVICE: (for Remark #2120, ASL_MSG_SERIALIZED_REQUIRED): A named object is
created inside a non-serialized method - this method should be serialized. It is
possible that one thread enters the method and blocks and then a second thread
also executes the method, ending up in two attempts to create the object and
causing a failure.

FAILED [MEDIUM] AMLAsmASL_MSG_TIMEOUT: Test 1, Assembler warning in line 7111
Line | AML source
--------------------------------------------------------------------------------
07108| 
07109|         Method (WBPE, 2, NotSerialized)
07110|         {
07111|             Acquire (MUTE, 0x0FFF)
     |                                ^
     | Warning 3130: Result is not used, possible operator timeout will be missed
07112|             Add (Arg0, PCIB, Local0)
07113|             OperationRegion (PCFG, SystemMemory, Local0, One)
07114|             Field (PCFG, ByteAcc, NoLock, Preserve)
================================================================================

ADVICE: (for Warning #3130, ASL_MSG_TIMEOUT): The operation can possibly timeout
, and hence the return value indicates an timeout error. However, because the
return value is not checked this very probably indicates that the code is buggy.
A possible scenario is that a mutex times out and the code attempts to access
data in a critical region when it should not. This will lead to undefined
behaviour. This should be fixed.

FAILED [LOW] AMLAsmASL_MSG_SERIALIZED_REQUIRED: Test 1, Assembler remark in line
7123
Line | AML source
--------------------------------------------------------------------------------
07120|             Release (MUTE)
07121|         }
07122| 
07123|         Method (WWPE, 2, NotSerialized)
     |                   ^
     | Remark 2120: Control Method should be made Serialized    (due to creation of named objects within)
07124|         {
07125|             Acquire (MUTE, 0x03E8)
07126|             And (Arg0, 0xFFFFFFFE, Arg0)
================================================================================

ADVICE: (for Remark #2120, ASL_MSG_SERIALIZED_REQUIRED): A named object is
created inside a non-serialized method - this method should be serialized. It is
possible that one thread enters the method and blocks and then a second thread
also executes the method, ending up in two attempts to create the object and
causing a failure.

FAILED [MEDIUM] AMLAsmASL_MSG_TIMEOUT: Test 1, Assembler warning in line 7125
Line | AML source
--------------------------------------------------------------------------------
07122| 
07123|         Method (WWPE, 2, NotSerialized)
07124|         {
07125|             Acquire (MUTE, 0x03E8)
     |                                ^
     | Warning 3130: Result is not used, possible operator timeout will be missed
07126|             And (Arg0, 0xFFFFFFFE, Arg0)
07127|             Add (Arg0, PCIB, Local0)
07128|             OperationRegion (PCFG, SystemMemory, Local0, 0x02)
================================================================================

ADVICE: (for Warning #3130, ASL_MSG_TIMEOUT): The operation can possibly timeout
, and hence the return value indicates an timeout error. However, because the
return value is not checked this very probably indicates that the code is buggy.
A possible scenario is that a mutex times out and the code attempts to access
data in a critical region when it should not. This will lead to undefined
behaviour. This should be fixed.

FAILED [LOW] AMLAsmASL_MSG_SERIALIZED_REQUIRED: Test 1, Assembler remark in line
7138
Line | AML source
--------------------------------------------------------------------------------
07135|             Release (MUTE)
07136|         }
07137| 
07138|         Method (WDPE, 2, NotSerialized)
     |                   ^
     | Remark 2120: Control Method should be made Serialized    (due to creation of named objects within)
07139|         {
07140|             Acquire (MUTE, 0x03E8)
07141|             And (Arg0, 0xFFFFFFFC, Arg0)
================================================================================

ADVICE: (for Remark #2120, ASL_MSG_SERIALIZED_REQUIRED): A named object is
created inside a non-serialized method - this method should be serialized. It is
possible that one thread enters the method and blocks and then a second thread
also executes the method, ending up in two attempts to create the object and
causing a failure.

FAILED [MEDIUM] AMLAsmASL_MSG_TIMEOUT: Test 1, Assembler warning in line 7140
Line | AML source
--------------------------------------------------------------------------------
07137| 
07138|         Method (WDPE, 2, NotSerialized)
07139|         {
07140|             Acquire (MUTE, 0x03E8)
     |                                ^
     | Warning 3130: Result is not used, possible operator timeout will be missed
07141|             And (Arg0, 0xFFFFFFFC, Arg0)
07142|             Add (Arg0, PCIB, Local0)
07143|             OperationRegion (PCFG, SystemMemory, Local0, 0x04)
================================================================================

ADVICE: (for Warning #3130, ASL_MSG_TIMEOUT): The operation can possibly timeout
, and hence the return value indicates an timeout error. However, because the
return value is not checked this very probably indicates that the code is buggy.
A possible scenario is that a mutex times out and the code attempts to access
data in a critical region when it should not. This will lead to undefined
behaviour. This should be fixed.

FAILED [LOW] AMLAsmASL_MSG_SERIALIZED_REQUIRED: Test 1, Assembler remark in line
7153
Line | AML source
--------------------------------------------------------------------------------
07150|             Release (MUTE)
07151|         }
07152| 
07153|         Method (RWDP, 3, NotSerialized)
     |                   ^
     | Remark 2120: Control Method should be made Serialized    (due to creation of named objects within)
07154|         {
07155|             Acquire (MUTE, 0x03E8)
07156|             And (Arg0, 0xFFFFFFFC, Arg0)
================================================================================

ADVICE: (for Remark #2120, ASL_MSG_SERIALIZED_REQUIRED): A named object is
created inside a non-serialized method - this method should be serialized. It is
possible that one thread enters the method and blocks and then a second thread
also executes the method, ending up in two attempts to create the object and
causing a failure.

FAILED [MEDIUM] AMLAsmASL_MSG_TIMEOUT: Test 1, Assembler warning in line 7155
Line | AML source
--------------------------------------------------------------------------------
07152| 
07153|         Method (RWDP, 3, NotSerialized)
07154|         {
07155|             Acquire (MUTE, 0x03E8)
     |                                ^
     | Warning 3130: Result is not used, possible operator timeout will be missed
07156|             And (Arg0, 0xFFFFFFFC, Arg0)
07157|             Add (Arg0, PCIB, Local0)
07158|             OperationRegion (PCFG, SystemMemory, Local0, 0x04)
================================================================================

ADVICE: (for Warning #3130, ASL_MSG_TIMEOUT): The operation can possibly timeout
, and hence the return value indicates an timeout error. However, because the
return value is not checked this very probably indicates that the code is buggy.
A possible scenario is that a mutex times out and the code attempts to access
data in a critical region when it should not. This will lead to undefined
behaviour. This should be fixed.

FAILED [MEDIUM] AMLAsmASL_MSG_RETURN_TYPES: Test 1, Assembler warning in line
7169
Line | AML source
--------------------------------------------------------------------------------
07166|             Release (MUTE)
07167|         }
07168| 
07169|         Method (RPME, 1, NotSerialized)
     |                   ^
     | Warning 3115: Not all control paths return a value    (RPME)
07170|         {
07171|             Add (Arg0, 0x84, Local0)
07172|             Store (RDPE (Local0), Local1)
================================================================================

ADVICE: (for Warning #3115, ASL_MSG_RETURN_TYPES): Some of the execution paths
do not return a value. All control paths that return must return a value
otherwise unexpected behaviour may occur. This error occurs because a branch on
an conditional op-code returns a value and another does not, which is
inconsistent behaviour.

Table DSDT (0) reassembly: Found 22 errors, 9 warnings, 30 remarks.


================================================================================
0 passed, 61 failed, 0 warning, 0 aborted, 0 skipped, 0 info only.
================================================================================

stao: STAO Status Override Table test.
--------------------------------------------------------------------------------
ACPI STAO table does not exist, skipping test
================================================================================
0 passed, 0 failed, 0 warning, 0 aborted, 1 skipped, 0 info only.
================================================================================

srat: SRAT System Resource Affinity Table test.
--------------------------------------------------------------------------------
ACPI SRAT table does not exist, skipping test
================================================================================
0 passed, 0 failed, 0 warning, 0 aborted, 1 skipped, 0 info only.
================================================================================

spmi: SPMI Service Processor Management Interface Description Table test.
--------------------------------------------------------------------------------
ACPI SPMI table does not exist, skipping test
================================================================================
0 passed, 0 failed, 0 warning, 0 aborted, 1 skipped, 0 info only.
================================================================================

spcr: SPCR Serial Port Console Redirection Table test.
--------------------------------------------------------------------------------
ACPI SPCR table does not exist, skipping test
================================================================================
0 passed, 0 failed, 0 warning, 0 aborted, 1 skipped, 0 info only.
================================================================================

slit: SLIT System Locality Distance Information test.
--------------------------------------------------------------------------------
ACPI SLIT table does not exist, skipping test
================================================================================
0 passed, 0 failed, 0 warning, 0 aborted, 1 skipped, 0 info only.
================================================================================

slic: SLIC Software Licensing Description Table test.
--------------------------------------------------------------------------------
Test 1 of 1: SLIC Software Licensing Description Table test.
Software Licensing Description Table
SLIC Public Key Structure has had minimal check due to proprietary nature of the
table
SLIC Windows Marker Structure has had minimal check due to proprietary nature of
the table
PASSED: Test 1, No issues found in SLIC table.

================================================================================
1 passed, 0 failed, 0 warning, 0 aborted, 0 skipped, 0 info only.
================================================================================

sbst: SBST Smart Battery Specification Table test.
--------------------------------------------------------------------------------
ACPI SBST table does not exist, skipping test
================================================================================
0 passed, 0 failed, 0 warning, 0 aborted, 1 skipped, 0 info only.
================================================================================

rsdt: RSDT Root System Description Table test.
--------------------------------------------------------------------------------
Test 1 of 1: RSDT Root System Description Table test.
PASSED: Test 1, No issues found in RSDT table.

================================================================================
1 passed, 0 failed, 0 warning, 0 aborted, 0 skipped, 0 info only.
================================================================================

rsdp: RSDP Root System Description Pointer test.
--------------------------------------------------------------------------------
Test 1 of 1: RSDP Root System Description Pointer test.
PASSED: Test 1, No issues found in RSDP table.

================================================================================
1 passed, 0 failed, 0 warning, 0 aborted, 0 skipped, 0 info only.
================================================================================

pcc: Processor Clocking Control (PCC) test.
--------------------------------------------------------------------------------
Test 1 of 1: Processor Clocking Control (PCC) test.
This test checks the sanity of the Processor Clocking Control as found on some
HP ProLiant machines. Most computers do not use this interface to control the
CPU clock frequency, so this test will be skipped.

This machine does not use Processor Clocking Control (PCC).

================================================================================
0 passed, 0 failed, 0 warning, 0 aborted, 0 skipped, 1 info only.
================================================================================

osilinux: Disassemble DSDT to check for _OSI("Linux").
--------------------------------------------------------------------------------
Test 1 of 1: Disassemble DSDT to check for _OSI("Linux").
This is not strictly a failure mode, it just alerts one that this has been
defined in the DSDT and probably should be avoided since the Linux ACPI driver
matches onto the Windows _OSI strings
PASSED: Test 1, DSDT does not implement a deprecated _OSI("Linux") test.

================================================================================
1 passed, 0 failed, 0 warning, 0 aborted, 0 skipped, 0 info only.
================================================================================

method: ACPI DSDT Method Semantic tests.
--------------------------------------------------------------------------------
FADT Preferred PM profile indicates this is not a Mobile Platform.
Test 1 of 191: Test Method Names.
Found 990 Objects 
PASSED: Test 1, Method names contain legal characters.

Test 2 of 191: Test _AEI.
SKIPPED: Test 2, Skipping test for non-existant object _AEI.

Test 3 of 191: Test _EVT (Event Method).
SKIPPED: Test 3, Skipping test for non-existant object _EVT.

Test 4 of 191: Test _DLM (Device Lock Mutex).
SKIPPED: Test 4, Skipping test for non-existant object _DLM.

Test 5 of 191: Test _PIC (Inform AML of Interrupt Model).
PASSED: Test 5, \_PIC returned no values as expected.
PASSED: Test 5, \_PIC returned no values as expected.
PASSED: Test 5, \_PIC returned no values as expected.

Test 6 of 191: Test _CID (Compatible ID).
PASSED: Test 6, \_SB_.PCI0._CID returned an integer 0x030ad041 (EISA ID
PNP0A03).
PASSED: Test 6, \_SB_.PCI0.SBRG.PS2K._CID returned an integer 0x0b03d041 (EISA
ID PNP030B).
PASSED: Test 6, \_SB_.PCI0.SBRG.PS2M._CID returned an integer 0x130fd041 (EISA
ID PNP0F13).

Test 7 of 191: Test _DDN (DOS Device Name).
SKIPPED: Test 7, Skipping test for non-existant object _DDN.

Test 8 of 191: Test _HID (Hardware ID).
PASSED: Test 8, \_SB_.PCI0._HID returned an integer 0x080ad041 (EISA ID
PNP0A08).
PASSED: Test 8, \_SB_.PCI0.IOH_._HID returned an integer 0x010cd041 (EISA ID
PNP0C01).
PASSED: Test 8, \_SB_.PCI0.SBRG.IELK._HID returned a string 'AWY0001' as
expected.
PASSED: Test 8, \_SB_.PCI0.SBRG.PIC_._HID returned an integer 0x0000d041 (EISA
ID PNP0000).
PASSED: Test 8, \_SB_.PCI0.SBRG.DMAD._HID returned an integer 0x0002d041 (EISA
ID PNP0200).
PASSED: Test 8, \_SB_.PCI0.SBRG.TMR_._HID returned an integer 0x0001d041 (EISA
ID PNP0100).
PASSED: Test 8, \_SB_.PCI0.SBRG.RTC0._HID returned an integer 0x000bd041 (EISA
ID PNP0B00).
PASSED: Test 8, \_SB_.PCI0.SBRG.SPKR._HID returned an integer 0x0008d041 (EISA
ID PNP0800).
PASSED: Test 8, \_SB_.PCI0.SBRG.COPR._HID returned an integer 0x040cd041 (EISA
ID PNP0C04).
PASSED: Test 8, \_SB_.PCI0.SBRG.UAR1._HID returned an integer 0x0105d041 (EISA
ID PNP0501).
PASSED: Test 8, \_SB_.PCI0.SBRG.UAR2._HID returned an integer 0x0105d041 (EISA
ID PNP0501).
PASSED: Test 8, \_SB_.PCI0.SBRG.FDC_._HID returned an integer 0x0007d041 (EISA
ID PNP0700).
PASSED: Test 8, \_SB_.PCI0.SBRG.LPTE._HID returned an integer 0x0004d041 (EISA
ID PNP0400).
PASSED: Test 8, \_SB_.PCI0.SBRG.PS2K._HID returned an integer 0x0303d041 (EISA
ID PNP0303).
PASSED: Test 8, \_SB_.PCI0.SBRG.PS2M._HID returned an integer 0x030fd041 (EISA
ID PNP0F03).
PASSED: Test 8, \_SB_.PCI0.SBRG.SIOR._HID returned an integer 0x020cd041 (EISA
ID PNP0C02).
PASSED: Test 8, \_SB_.PCI0.SBRG.RMSC._HID returned an integer 0x020cd041 (EISA
ID PNP0C02).
PASSED: Test 8, \_SB_.PCI0.SBRG.HPET._HID returned an integer 0x0301d041 (EISA
ID PNP0103).
PASSED: Test 8, \_SB_.PCI0.SBRG.FWH_._HID returned an integer 0x0008d425 (EISA
ID INT0800).
PASSED: Test 8, \_SB_.PCI0.SBRG.FWHE._HID returned an integer 0x020cd041 (EISA
ID PNP0C02).
PASSED: Test 8, \_SB_.PCI0.SBRG.OMSC._HID returned an integer 0x020cd041 (EISA
ID PNP0C02).
PASSED: Test 8, \_SB_.PCI0.PCIE._HID returned an integer 0x020cd041 (EISA ID
PNP0C02).
PASSED: Test 8, \_SB_.SLPB._HID returned an integer 0x0e0cd041 (EISA ID
PNP0C0E).
PASSED: Test 8, \_SB_.RMEM._HID returned an integer 0x010cd041 (EISA ID
PNP0C01).
PASSED: Test 8, \_SB_.PWRB._HID returned an integer 0x0c0cd041 (EISA ID
PNP0C0C).
PASSED: Test 8, \_SB_.LNKA._HID returned an integer 0x0f0cd041 (EISA ID
PNP0C0F).
PASSED: Test 8, \_SB_.LNKB._HID returned an integer 0x0f0cd041 (EISA ID
PNP0C0F).
PASSED: Test 8, \_SB_.LNKC._HID returned an integer 0x0f0cd041 (EISA ID
PNP0C0F).
PASSED: Test 8, \_SB_.LNKD._HID returned an integer 0x0f0cd041 (EISA ID
PNP0C0F).
PASSED: Test 8, \_SB_.LNKE._HID returned an integer 0x0f0cd041 (EISA ID
PNP0C0F).
PASSED: Test 8, \_SB_.LNKF._HID returned an integer 0x0f0cd041 (EISA ID
PNP0C0F).
PASSED: Test 8, \_SB_.LNKG._HID returned an integer 0x0f0cd041 (EISA ID
PNP0C0F).
PASSED: Test 8, \_SB_.LNKH._HID returned an integer 0x0f0cd041 (EISA ID
PNP0C0F).

Test 9 of 191: Test _HRV (Hardware Revision Number).
SKIPPED: Test 9, Skipping test for non-existant object _HRV.

Test 10 of 191: Test _MLS (Multiple Language String).
SKIPPED: Test 10, Skipping test for non-existant object _MLS.

Test 11 of 191: Test _PLD (Physical Device Location).
PASSED: Test 11, \_SB_.PCI0.EUSB.HUBN.PR01._PLD correctly returned a sane
looking package.
PASSED: Test 11, \_SB_.PCI0.EUSB.HUBN.PR01.PR11._PLD correctly returned a sane
looking package.
PASSED: Test 11, \_SB_.PCI0.EUSB.HUBN.PR01.PR12._PLD correctly returned a sane
looking package.
PASSED: Test 11, \_SB_.PCI0.EUSB.HUBN.PR01.PR13._PLD correctly returned a sane
looking package.
PASSED: Test 11, \_SB_.PCI0.EUSB.HUBN.PR01.PR14._PLD correctly returned a sane
looking package.
PASSED: Test 11, \_SB_.PCI0.EUSB.HUBN.PR01.PR15._PLD correctly returned a sane
looking package.
PASSED: Test 11, \_SB_.PCI0.EUSB.HUBN.PR01.PR16._PLD correctly returned a sane
looking package.
PASSED: Test 11, \_SB_.PCI0.EUSB.HUBN.PR01.PR17._PLD correctly returned a sane
looking package.
PASSED: Test 11, \_SB_.PCI0.EUSB.HUBN.PR01.PR18._PLD correctly returned a sane
looking package.
PASSED: Test 11, \_SB_.PCI0.EUSB.HUBN.PR02._PLD correctly returned a sane
looking package.
PASSED: Test 11, \_SB_.PCI0.EUSB.HUBN.PR03._PLD correctly returned a sane
looking package.
PASSED: Test 11, \_SB_.PCI0.USBE.HUBN.PR01._PLD correctly returned a sane
looking package.
PASSED: Test 11, \_SB_.PCI0.USBE.HUBN.PR01.PR11._PLD correctly returned a sane
looking package.
PASSED: Test 11, \_SB_.PCI0.USBE.HUBN.PR01.PR12._PLD correctly returned a sane
looking package.
PASSED: Test 11, \_SB_.PCI0.USBE.HUBN.PR01.PR13._PLD correctly returned a sane
looking package.
PASSED: Test 11, \_SB_.PCI0.USBE.HUBN.PR01.PR14._PLD correctly returned a sane
looking package.
PASSED: Test 11, \_SB_.PCI0.USBE.HUBN.PR01.PR15._PLD correctly returned a sane
looking package.
PASSED: Test 11, \_SB_.PCI0.USBE.HUBN.PR01.PR16._PLD correctly returned a sane
looking package.
PASSED: Test 11, \_SB_.PCI0.USBE.HUBN.PR01.PR17._PLD correctly returned a sane
looking package.
PASSED: Test 11, \_SB_.PCI0.USBE.HUBN.PR01.PR18._PLD correctly returned a sane
looking package.
PASSED: Test 11, \_SB_.PCI0.USBE.HUBN.PR02._PLD correctly returned a sane
looking package.
PASSED: Test 11, \_SB_.PCI0.USBE.HUBN.PR03._PLD correctly returned a sane
looking package.

Test 12 of 191: Test _SUB (Subsystem ID).
SKIPPED: Test 12, Skipping test for non-existant object _SUB.

Test 13 of 191: Test _SUN (Slot User Number).
SKIPPED: Test 13, Skipping test for non-existant object _SUN.

Test 14 of 191: Test _STR (String).
SKIPPED: Test 14, Skipping test for non-existant object _STR.

Test 15 of 191: Test _UID (Unique ID).
PASSED: Test 15, \_SB_.PCI0._UID correctly returned sane looking value
0x00000000.
PASSED: Test 15, \_SB_.PCI0.IOH_._UID correctly returned sane looking value
0x0000000a.
PASSED: Test 15, \_SB_.PCI0.SBRG.UAR1._UID correctly returned sane looking value
0x00000001.
PASSED: Test 15, \_SB_.PCI0.SBRG.UAR2._UID correctly returned sane looking value
0x00000002.
PASSED: Test 15, \_SB_.PCI0.SBRG.SIOR._UID correctly returned sane looking value
0x0000004e.
PASSED: Test 15, \_SB_.PCI0.SBRG.RMSC._UID correctly returned sane looking value
0x00000010.
PASSED: Test 15, \_SB_.PCI0.SBRG.FWHE._UID correctly returned sane looking value
0x00000003.
PASSED: Test 15, \_SB_.PCI0.SBRG.OMSC._UID correctly returned sane looking value
0x00000000.
PASSED: Test 15, \_SB_.PCI0.PCIE._UID correctly returned sane looking value
0x00000011.
PASSED: Test 15, \_SB_.RMEM._UID correctly returned sane looking value
0x00000001.
PASSED: Test 15, \_SB_.PWRB._UID correctly returned sane looking value
0x000000aa.
PASSED: Test 15, \_SB_.LNKA._UID correctly returned sane looking value
0x00000001.
PASSED: Test 15, \_SB_.LNKB._UID correctly returned sane looking value
0x00000002.
PASSED: Test 15, \_SB_.LNKC._UID correctly returned sane looking value
0x00000003.
PASSED: Test 15, \_SB_.LNKD._UID correctly returned sane looking value
0x00000004.
PASSED: Test 15, \_SB_.LNKE._UID correctly returned sane looking value
0x00000005.
PASSED: Test 15, \_SB_.LNKF._UID correctly returned sane looking value
0x00000006.
PASSED: Test 15, \_SB_.LNKG._UID correctly returned sane looking value
0x00000007.
PASSED: Test 15, \_SB_.LNKH._UID correctly returned sane looking value
0x00000008.

Test 16 of 191: Test _CDM (Clock Domain).
SKIPPED: Test 16, Skipping test for non-existant object _CDM.

Test 17 of 191: Test _CRS (Current Resource Settings).
PASSED: Test 17, \_SB_.PCI0.IOH_._CRS (32-bit Fixed Location Memory Range
Descriptor) looks sane.
PASSED: Test 17, \_SB_.PCI0.SBRG.PIC_._CRS (I/O Port Descriptor) looks sane.
PASSED: Test 17, \_SB_.PCI0.SBRG.DMAD._CRS (DMA Descriptor) looks sane.
PASSED: Test 17, \_SB_.PCI0.SBRG.TMR_._CRS (I/O Port Descriptor) looks sane.
PASSED: Test 17, \_SB_.PCI0.SBRG.RTC0._CRS (I/O Port Descriptor) looks sane.
PASSED: Test 17, \_SB_.PCI0.SBRG.SPKR._CRS (I/O Port Descriptor) looks sane.
PASSED: Test 17, \_SB_.PCI0.SBRG.COPR._CRS (I/O Port Descriptor) looks sane.
PASSED: Test 17, \_SB_.PCI0.SBRG.UAR1._CRS (I/O Port Descriptor) looks sane.
PASSED: Test 17, \_SB_.PCI0.SBRG.UAR2._CRS (I/O Port Descriptor) looks sane.
PASSED: Test 17, \_SB_.PCI0.SBRG.FDC_._CRS (I/O Port Descriptor) looks sane.
PASSED: Test 17, \_SB_.PCI0.SBRG.LPTE._CRS (I/O Port Descriptor) looks sane.
PASSED: Test 17, \_SB_.PCI0.SBRG.PS2K._CRS (I/O Port Descriptor) looks sane.
PASSED: Test 17, \_SB_.PCI0.SBRG.PS2M._CRS (Fixed Location I/O Port Descriptor)
looks sane.
PASSED: Test 17, \_SB_.PCI0.SBRG.SIOR._CRS (I/O Port Descriptor) looks sane.
PASSED: Test 17, \_SB_.PCI0.SBRG.RMSC._CRS (I/O Port Descriptor) looks sane.
PASSED: Test 17, \_SB_.PCI0.SBRG.HPET._CRS (32-bit Fixed Location Memory Range
Descriptor) looks sane.
PASSED: Test 17, \_SB_.PCI0.SBRG.FWH_._CRS (32-bit Fixed Location Memory Range
Descriptor) looks sane.
PASSED: Test 17, \_SB_.PCI0.SBRG.FWHE._CRS (32-bit Fixed Location Memory Range
Descriptor) looks sane.
PASSED: Test 17, \_SB_.PCI0.SBRG.OMSC._CRS (Fixed Location I/O Port Descriptor)
looks sane.
PASSED: Test 17, \_SB_.PCI0.PCIE._CRS (32-bit Fixed Location Memory Range
Descriptor) looks sane.
PASSED: Test 17, \_SB_.PCI0._CRS (WORD Address Space Descriptor) looks sane.
PASSED: Test 17, \_SB_.RMEM._CRS (32-bit Fixed Location Memory Range Descriptor)
looks sane.
PASSED: Test 17, \_SB_.LNKA._CRS (IRQ Descriptor) looks sane.
PASSED: Test 17, \_SB_.LNKB._CRS (IRQ Descriptor) looks sane.
PASSED: Test 17, \_SB_.LNKC._CRS (IRQ Descriptor) looks sane.
PASSED: Test 17, \_SB_.LNKD._CRS (IRQ Descriptor) looks sane.
PASSED: Test 17, \_SB_.LNKE._CRS (IRQ Descriptor) looks sane.
PASSED: Test 17, \_SB_.LNKF._CRS (IRQ Descriptor) looks sane.
PASSED: Test 17, \_SB_.LNKG._CRS (IRQ Descriptor) looks sane.
PASSED: Test 17, \_SB_.LNKH._CRS (IRQ Descriptor) looks sane.

Test 18 of 191: Test _DSD (Device Specific Data).
SKIPPED: Test 18, Skipping test for non-existant object _DSD.

Test 19 of 191: Test _DIS (Disable).
PASSED: Test 19, \_SB_.PCI0.SBRG.UAR1._DIS returned no values as expected.
PASSED: Test 19, \_SB_.PCI0.SBRG.UAR2._DIS returned no values as expected.
PASSED: Test 19, \_SB_.PCI0.SBRG.FDC_._DIS returned no values as expected.
PASSED: Test 19, \_SB_.PCI0.SBRG.LPTE._DIS returned no values as expected.
PASSED: Test 19, \_SB_.LNKA._DIS returned no values as expected.
PASSED: Test 19, \_SB_.LNKB._DIS returned no values as expected.
PASSED: Test 19, \_SB_.LNKC._DIS returned no values as expected.
PASSED: Test 19, \_SB_.LNKD._DIS returned no values as expected.
PASSED: Test 19, \_SB_.LNKE._DIS returned no values as expected.
PASSED: Test 19, \_SB_.LNKF._DIS returned no values as expected.
PASSED: Test 19, \_SB_.LNKG._DIS returned no values as expected.
PASSED: Test 19, \_SB_.LNKH._DIS returned no values as expected.

Test 20 of 191: Test _DMA (Direct Memory Access).
SKIPPED: Test 20, Skipping test for non-existant object _DMA.

Test 21 of 191: Test _FIX (Fixed Register Resource Provider).
SKIPPED: Test 21, Skipping test for non-existant object _FIX.

Test 22 of 191: Test _GSB (Global System Interrupt Base).
SKIPPED: Test 22, Skipping test for non-existant object _GSB.

Test 23 of 191: Test _HPP (Hot Plug Parameters).
SKIPPED: Test 23, Skipping test for non-existant object _HPP.

Test 24 of 191: Test _PRS (Possible Resource Settings).
PASSED: Test 24, \_SB_.PCI0.SBRG.UAR1._PRS (Start Dependent Functions
Descriptor) looks sane.
PASSED: Test 24, \_SB_.PCI0.SBRG.UAR2._PRS (Start Dependent Functions
Descriptor) looks sane.
PASSED: Test 24, \_SB_.PCI0.SBRG.FDC_._PRS (Start Dependent Functions
Descriptor) looks sane.
PASSED: Test 24, \_SB_.PCI0.SBRG.LPTE._PRS (Start Dependent Functions
Descriptor) looks sane.
PASSED: Test 24, \_SB_.LNKA._PRS (IRQ Descriptor) looks sane.
PASSED: Test 24, \_SB_.LNKB._PRS (IRQ Descriptor) looks sane.
PASSED: Test 24, \_SB_.LNKC._PRS (IRQ Descriptor) looks sane.
PASSED: Test 24, \_SB_.LNKD._PRS (IRQ Descriptor) looks sane.
PASSED: Test 24, \_SB_.LNKE._PRS (IRQ Descriptor) looks sane.
PASSED: Test 24, \_SB_.LNKF._PRS (IRQ Descriptor) looks sane.
PASSED: Test 24, \_SB_.LNKG._PRS (IRQ Descriptor) looks sane.
PASSED: Test 24, \_SB_.LNKH._PRS (IRQ Descriptor) looks sane.

Test 25 of 191: Test _PXM (Proximity).
SKIPPED: Test 25, Skipping test for non-existant object _PXM.

Test 26 of 191: Test _CCA (Cache Coherency Attribute).
SKIPPED: Test 26, Skipping test for non-existant object _CCA.

Test 27 of 191: Test _EDL (Eject Device List).
SKIPPED: Test 27, Skipping test for non-existant object _EDL.

Test 28 of 191: Test _EJD (Ejection Dependent Device).
SKIPPED: Test 28, Skipping test for non-existant object _EJD.

Test 29 of 191: Test _EJ0 (Eject).
SKIPPED: Test 29, Skipping test for non-existant object _EJ0.

Test 30 of 191: Test _EJ1 (Eject).
SKIPPED: Test 30, Skipping test for non-existant object _EJ1.

Test 31 of 191: Test _EJ2 (Eject).
SKIPPED: Test 31, Skipping test for non-existant object _EJ2.

Test 32 of 191: Test _EJ3 (Eject).
SKIPPED: Test 32, Skipping test for non-existant object _EJ3.

Test 33 of 191: Test _EJ4 (Eject).
SKIPPED: Test 33, Skipping test for non-existant object _EJ4.

Test 34 of 191: Test _LCK (Lock).
SKIPPED: Test 34, Skipping test for non-existant object _LCK.

Test 35 of 191: Test _RMV (Remove).
SKIPPED: Test 35, Skipping test for non-existant object _RMV.

Test 36 of 191: Test _STA (Status).
PASSED: Test 36, \_SB_.PCI0.SBRG.IELK._STA correctly returned sane looking value
0x00000000.
PASSED: Test 36, \_SB_.PCI0.SBRG.UAR1._STA correctly returned sane looking value
0x00000000.
PASSED: Test 36, \_SB_.PCI0.SBRG.UAR2._STA correctly returned sane looking value
0x00000000.
PASSED: Test 36, \_SB_.PCI0.SBRG.FDC_._STA correctly returned sane looking value
0x00000000.
PASSED: Test 36, \_SB_.PCI0.SBRG.LPTE._STA correctly returned sane looking value
0x00000000.
PASSED: Test 36, \_SB_.PCI0.SBRG.PS2K._STA correctly returned sane looking value
0x00000000.
PASSED: Test 36, \_SB_.PCI0.SBRG.PS2M._STA correctly returned sane looking value
0x00000000.
PASSED: Test 36, \_SB_.PCI0.SBRG.HPET._STA correctly returned sane looking value
0x00000000.
PASSED: Test 36, \_SB_.SLPB._STA correctly returned sane looking value
0x00000000.
PASSED: Test 36, \_SB_.PWRB._STA correctly returned sane looking value
0x0000000b.
PASSED: Test 36, \_SB_.LNKA._STA correctly returned sane looking value
0x0000000b.
PASSED: Test 36, \_SB_.LNKB._STA correctly returned sane looking value
0x0000000b.
PASSED: Test 36, \_SB_.LNKC._STA correctly returned sane looking value
0x0000000b.
PASSED: Test 36, \_SB_.LNKD._STA correctly returned sane looking value
0x0000000b.
PASSED: Test 36, \_SB_.LNKE._STA correctly returned sane looking value
0x0000000b.
PASSED: Test 36, \_SB_.LNKF._STA correctly returned sane looking value
0x0000000b.
PASSED: Test 36, \_SB_.LNKG._STA correctly returned sane looking value
0x0000000b.
PASSED: Test 36, \_SB_.LNKH._STA correctly returned sane looking value
0x0000000b.

Test 37 of 191: Test _DEP (Operational Region Dependencies).
SKIPPED: Test 37, Skipping test for non-existant object _DEP.

Test 38 of 191: Test _BDN (BIOS Dock Name).
SKIPPED: Test 38, Machine is not a mobile platform, skipping test for
non-existant mobile platform related object _BDN.

Test 39 of 191: Test _BBN (Base Bus Number).
PASSED: Test 39, \_SB_.PCI0._BBN correctly returned an integer.

Test 40 of 191: Test _DCK (Dock).
SKIPPED: Test 40, Machine is not a mobile platform, skipping test for
non-existant mobile platform related object _DCK.

Test 41 of 191: Test _INI (Initialize).
SKIPPED: Test 41, Skipping test for non-existant object _INI.

Test 42 of 191: Test _GLK (Global Lock).
SKIPPED: Test 42, Skipping test for non-existant object _GLK.

Test 43 of 191: Test _SEG (Segment).
SKIPPED: Test 43, Skipping test for non-existant object _SEG.

Test 44 of 191: Test _OFF (Set resource off).
SKIPPED: Test 44, Skipping test for non-existant object _OFF.

Test 45 of 191: Test _ON (Set resource on).
SKIPPED: Test 45, Skipping test for non-existant object _ON.

Test 46 of 191: Test _DSW (Device Sleep Wake).
SKIPPED: Test 46, Skipping test for non-existant object _DSW.

Test 47 of 191: Test _IRC (In Rush Current).
SKIPPED: Test 47, Skipping test for non-existant object _IRC.

Test 48 of 191: Test _PRE (Power Resources for Enumeration).
SKIPPED: Test 48, Skipping test for non-existant object _PRE.

Test 49 of 191: Test _PR0 (Power Resources for D0).
SKIPPED: Test 49, Skipping test for non-existant object _PR0.

Test 50 of 191: Test _PR1 (Power Resources for D1).
SKIPPED: Test 50, Skipping test for non-existant object _PR1.

Test 51 of 191: Test _PR2 (Power Resources for D2).
SKIPPED: Test 51, Skipping test for non-existant object _PR2.

Test 52 of 191: Test _PR3 (Power Resources for D3).
SKIPPED: Test 52, Skipping test for non-existant object _PR3.

Test 53 of 191: Test _PRW (Power Resources for Wake).
PASSED: Test 53, \_SB_.PCI0.P0P1._PRW correctly returned a sane looking package.
PASSED: Test 53, \_SB_.PCI0.P0P3._PRW correctly returned a sane looking package.
PASSED: Test 53, \_SB_.PCI0.P0P4._PRW correctly returned a sane looking package.
PASSED: Test 53, \_SB_.PCI0.P0P5._PRW correctly returned a sane looking package.
PASSED: Test 53, \_SB_.PCI0.P0P6._PRW correctly returned a sane looking package.
PASSED: Test 53, \_SB_.PCI0.BR1E._PRW correctly returned a sane looking package.
PASSED: Test 53, \_SB_.PCI0.SBRG.PS2K._PRW correctly returned a sane looking
package.
PASSED: Test 53, \_SB_.PCI0.SBRG.PS2M._PRW correctly returned a sane looking
package.
PASSED: Test 53, \_SB_.PCI0.EUSB._PRW correctly returned a sane looking package.
PASSED: Test 53, \_SB_.PCI0.USB0._PRW correctly returned a sane looking package.
PASSED: Test 53, \_SB_.PCI0.USB1._PRW correctly returned a sane looking package.
PASSED: Test 53, \_SB_.PCI0.USB2._PRW correctly returned a sane looking package.
PASSED: Test 53, \_SB_.PCI0.USB3._PRW correctly returned a sane looking package.
PASSED: Test 53, \_SB_.PCI0.USBE._PRW correctly returned a sane looking package.
PASSED: Test 53, \_SB_.PCI0.USB4._PRW correctly returned a sane looking package.
PASSED: Test 53, \_SB_.PCI0.USB5._PRW correctly returned a sane looking package.
PASSED: Test 53, \_SB_.PCI0.USB6._PRW correctly returned a sane looking package.
PASSED: Test 53, \_SB_.PCI0.BR20._PRW correctly returned a sane looking package.
PASSED: Test 53, \_SB_.PCI0.BR21._PRW correctly returned a sane looking package.
PASSED: Test 53, \_SB_.PCI0.BR22._PRW correctly returned a sane looking package.
PASSED: Test 53, \_SB_.PCI0.BR23._PRW correctly returned a sane looking package.
PASSED: Test 53, \_SB_.PCI0.BR24._PRW correctly returned a sane looking package.
PASSED: Test 53, \_SB_.PCI0.BR25._PRW correctly returned a sane looking package.
PASSED: Test 53, \_SB_.PCI0.BR26._PRW correctly returned a sane looking package.
PASSED: Test 53, \_SB_.PCI0.BR27._PRW correctly returned a sane looking package.
PASSED: Test 53, \_SB_.PCI0.GBE_._PRW correctly returned a sane looking package.
PASSED: Test 53, \_SB_.SLPB._PRW correctly returned a sane looking package.

Test 54 of 191: Test _PS0 (Power State 0).
SKIPPED: Test 54, Skipping test for non-existant object _PS0.

Test 55 of 191: Test _PS1 (Power State 1).
SKIPPED: Test 55, Skipping test for non-existant object _PS1.

Test 56 of 191: Test _PS2 (Power State 2).
SKIPPED: Test 56, Skipping test for non-existant object _PS2.

Test 57 of 191: Test _PS3 (Power State 3).
SKIPPED: Test 57, Skipping test for non-existant object _PS3.

Test 58 of 191: Test _PSC (Power State Current).
SKIPPED: Test 58, Skipping test for non-existant object _PSC.

Test 59 of 191: Test _PSE (Power State for Enumeration).
SKIPPED: Test 59, Skipping test for non-existant object _PSE.

Test 60 of 191: Test _PSW (Power State Wake).
PASSED: Test 60, \_SB_.PCI0.SBRG.PS2K._PSW returned no values as expected.
PASSED: Test 60, \_SB_.PCI0.SBRG.PS2M._PSW returned no values as expected.
PASSED: Test 60, \_SB_.PCI0.USB0._PSW returned no values as expected.
PASSED: Test 60, \_SB_.PCI0.USB1._PSW returned no values as expected.
PASSED: Test 60, \_SB_.PCI0.USB2._PSW returned no values as expected.
PASSED: Test 60, \_SB_.PCI0.USB3._PSW returned no values as expected.
PASSED: Test 60, \_SB_.PCI0.USB4._PSW returned no values as expected.
PASSED: Test 60, \_SB_.PCI0.USB5._PSW returned no values as expected.
PASSED: Test 60, \_SB_.PCI0.USB6._PSW returned no values as expected.

Test 61 of 191: Test _S1D (S1 Device State).
SKIPPED: Test 61, Skipping test for non-existant object _S1D.

Test 62 of 191: Test _S2D (S2 Device State).
SKIPPED: Test 62, Skipping test for non-existant object _S2D.

Test 63 of 191: Test _S3D (S3 Device State).
PASSED: Test 63, \_SB_.PCI0.USB0._S3D correctly returned an integer.
PASSED: Test 63, \_SB_.PCI0.USB1._S3D correctly returned an integer.
PASSED: Test 63, \_SB_.PCI0.USB2._S3D correctly returned an integer.
PASSED: Test 63, \_SB_.PCI0.USB3._S3D correctly returned an integer.
PASSED: Test 63, \_SB_.PCI0.USB4._S3D correctly returned an integer.
PASSED: Test 63, \_SB_.PCI0.USB5._S3D correctly returned an integer.
PASSED: Test 63, \_SB_.PCI0.USB6._S3D correctly returned an integer.

Test 64 of 191: Test _S4D (S4 Device State).
SKIPPED: Test 64, Skipping test for non-existant object _S4D.

Test 65 of 191: Test _S0W (S0 Device Wake State).
SKIPPED: Test 65, Skipping test for non-existant object _S0W.

Test 66 of 191: Test _S1W (S1 Device Wake State).
SKIPPED: Test 66, Skipping test for non-existant object _S1W.

Test 67 of 191: Test _S2W (S2 Device Wake State).
SKIPPED: Test 67, Skipping test for non-existant object _S2W.

Test 68 of 191: Test _S3W (S3 Device Wake State).
SKIPPED: Test 68, Skipping test for non-existant object _S3W.

Test 69 of 191: Test _S4W (S4 Device Wake State).
SKIPPED: Test 69, Skipping test for non-existant object _S4W.

Test 70 of 191: Test _RST (Device Reset).
SKIPPED: Test 70, Skipping test for non-existant object _RST.

Test 71 of 191: Test _PRR (Power Resource for Reset).
SKIPPED: Test 71, Skipping test for non-existant object _PRR.

Test 72 of 191: Test _S0_ (S0 System State).
\_S0_ PM1a_CNT.SLP_TYP value: 0x00000000
\_S0_ PM1b_CNT.SLP_TYP value: 0x00000000
PASSED: Test 72, \_S0_ correctly returned a sane looking package.

Test 73 of 191: Test _S1_ (S1 System State).
SKIPPED: Test 73, Skipping test for non-existant object _S1_.

Test 74 of 191: Test _S2_ (S2 System State).
SKIPPED: Test 74, Skipping test for non-existant object _S2_.

Test 75 of 191: Test _S3_ (S3 System State).
SKIPPED: Test 75, Skipping test for non-existant object _S3_.

Test 76 of 191: Test _S4_ (S4 System State).
SKIPPED: Test 76, Skipping test for non-existant object _S4_.

Test 77 of 191: Test _S5_ (S5 System State).
\_S5_ PM1a_CNT.SLP_TYP value: 0x00000007
\_S5_ PM1b_CNT.SLP_TYP value: 0x00000000
PASSED: Test 77, \_S5_ correctly returned a sane looking package.

Test 78 of 191: Test _SWS (System Wake Source).
SKIPPED: Test 78, Skipping test for non-existant object _SWS.

Test 79 of 191: Test _PSS (Performance Supported States).
SKIPPED: Test 79, Skipping test for non-existant object _PSS.

Test 80 of 191: Test _CPC (Continuous Performance Control).
SKIPPED: Test 80, Skipping test for non-existant object _CPC.

Test 81 of 191: Test _CSD (C State Dependencies).
SKIPPED: Test 81, Skipping test for non-existant object _CSD.

Test 82 of 191: Test _CST (C States).
SKIPPED: Test 82, Skipping test for non-existant object _CST.

Test 83 of 191: Test _PCT (Performance Control).
SKIPPED: Test 83, Skipping test for non-existant object _PCT.

Test 84 of 191: Test _PDL (P-State Depth Limit).
SKIPPED: Test 84, Skipping test for non-existant object _PDL.

Test 85 of 191: Test _PPC (Performance Present Capabilities).
SKIPPED: Test 85, Skipping test for non-existant object _PPC.

Test 86 of 191: Test _PPE (Polling for Platform Error).
SKIPPED: Test 86, Skipping test for non-existant object _PPE.

Test 87 of 191: Test _PSD (Power State Dependencies).
SKIPPED: Test 87, Skipping test for non-existant object _PSD.

Test 88 of 191: Test _PTC (Processor Throttling Control).
SKIPPED: Test 88, Skipping test for non-existant object _PTC.

Test 89 of 191: Test _TDL (T-State Depth Limit).
SKIPPED: Test 89, Skipping test for non-existant object _TDL.

Test 90 of 191: Test _TPC (Throttling Present Capabilities).
SKIPPED: Test 90, Skipping test for non-existant object _TPC.

Test 91 of 191: Test _TSD (Throttling State Dependencies).
SKIPPED: Test 91, Skipping test for non-existant object _TSD.

Test 92 of 191: Test _TSS (Throttling Supported States).
SKIPPED: Test 92, Skipping test for non-existant object _TSS.

Test 93 of 191: Test _PUR (Processor Utilization Request).
SKIPPED: Test 93, Skipping test for non-existant object _PUR.

Test 94 of 191: Test _MSG (Message).
SKIPPED: Test 94, Skipping test for non-existant object _MSG.

Test 95 of 191: Test _SST (System Status).
SKIPPED: Test 95, Skipping test for non-existant object _SST.

Test 96 of 191: Test _ALC (Ambient Light Colour Chromaticity).
SKIPPED: Test 96, Skipping test for non-existant object _ALC.

Test 97 of 191: Test _ALI (Ambient Light Illuminance).
SKIPPED: Test 97, Skipping test for non-existant object _ALI.

Test 98 of 191: Test _ALT (Ambient Light Temperature).
SKIPPED: Test 98, Skipping test for non-existant object _ALT.

Test 99 of 191: Test _ALP (Ambient Light Polling).
SKIPPED: Test 99, Skipping test for non-existant object _ALP.

Test 100 of 191: Test _ALR (Ambient Light Response).
SKIPPED: Test 100, Skipping test for non-existant object _ALR.

Test 101 of 191: Test _LID (Lid Status).
SKIPPED: Test 101, Machine is not a mobile platform, skipping test for
non-existant mobile platform related object _LID.

Test 102 of 191: Test _GTF (Get Task File).
ACPICA Exception AE_AML_OPERAND_VALUE during execution of method RATA
FAILED [HIGH] AEAMLOperandValue: Test 102, Detected error 'Incorrect operand
value' when evaluating '\_SB_.PCI0.SATA.CHN0.DRV0._GTF'.

ADVICE: An AML opcode has an operand of an inappropriate or invalid value.

ACPICA Exception AE_AML_OPERAND_VALUE during execution of method RATA
FAILED [HIGH] AEAMLOperandValue: Test 102, Detected error 'Incorrect operand
value' when evaluating '\_SB_.PCI0.SATA.CHN0.DRV1._GTF'.

ADVICE: An AML opcode has an operand of an inappropriate or invalid value.

ACPICA Exception AE_AML_OPERAND_VALUE during execution of method RATA
FAILED [HIGH] AEAMLOperandValue: Test 102, Detected error 'Incorrect operand
value' when evaluating '\_SB_.PCI0.SATA.CHN1.DRV0._GTF'.

ADVICE: An AML opcode has an operand of an inappropriate or invalid value.

ACPICA Exception AE_AML_OPERAND_VALUE during execution of method RATA
FAILED [HIGH] AEAMLOperandValue: Test 102, Detected error 'Incorrect operand
value' when evaluating '\_SB_.PCI0.SATA.CHN1.DRV1._GTF'.

ADVICE: An AML opcode has an operand of an inappropriate or invalid value.

ACPICA Exception AE_AML_OPERAND_VALUE during execution of method RATA
FAILED [HIGH] AEAMLOperandValue: Test 102, Detected error 'Incorrect operand
value' when evaluating '\_SB_.PCI0.SAT1.CHN0.DRV0._GTF'.

ADVICE: An AML opcode has an operand of an inappropriate or invalid value.

ACPICA Exception AE_AML_OPERAND_VALUE during execution of method RATA
FAILED [HIGH] AEAMLOperandValue: Test 102, Detected error 'Incorrect operand
value' when evaluating '\_SB_.PCI0.SAT1.CHN0.DRV1._GTF'.

ADVICE: An AML opcode has an operand of an inappropriate or invalid value.

ACPICA Exception AE_AML_OPERAND_VALUE during execution of method RATA
FAILED [HIGH] AEAMLOperandValue: Test 102, Detected error 'Incorrect operand
value' when evaluating '\_SB_.PCI0.SAT1.CHN1.DRV0._GTF'.

ADVICE: An AML opcode has an operand of an inappropriate or invalid value.

ACPICA Exception AE_AML_OPERAND_VALUE during execution of method RATA
FAILED [HIGH] AEAMLOperandValue: Test 102, Detected error 'Incorrect operand
value' when evaluating '\_SB_.PCI0.SAT1.CHN1.DRV1._GTF'.

ADVICE: An AML opcode has an operand of an inappropriate or invalid value.


Test 103 of 191: Test _GTM (Get Timing Mode).
PASSED: Test 103, \_SB_.PCI0.SATA.CHN0._GTM correctly returned a sane looking
buffer.
PASSED: Test 103, \_SB_.PCI0.SATA.CHN1._GTM correctly returned a sane looking
buffer.
PASSED: Test 103, \_SB_.PCI0.SAT1.CHN0._GTM correctly returned a sane looking
buffer.
PASSED: Test 103, \_SB_.PCI0.SAT1.CHN1._GTM correctly returned a sane looking
buffer.

Test 104 of 191: Test _MBM (Memory Bandwidth Monitoring Data).
SKIPPED: Test 104, Skipping test for non-existant object _MBM.

Test 105 of 191: Test _UPC (USB Port Capabilities).
PASSED: Test 105, \_SB_.PCI0.EUSB.HUBN.PR01._UPC correctly returned a sane
looking package.
PASSED: Test 105, \_SB_.PCI0.EUSB.HUBN.PR01.PR11._UPC correctly returned a sane
looking package.
PASSED: Test 105, \_SB_.PCI0.EUSB.HUBN.PR01.PR12._UPC correctly returned a sane
looking package.
PASSED: Test 105, \_SB_.PCI0.EUSB.HUBN.PR01.PR13._UPC correctly returned a sane
looking package.
PASSED: Test 105, \_SB_.PCI0.EUSB.HUBN.PR01.PR14._UPC correctly returned a sane
looking package.
PASSED: Test 105, \_SB_.PCI0.EUSB.HUBN.PR01.PR15._UPC correctly returned a sane
looking package.
PASSED: Test 105, \_SB_.PCI0.EUSB.HUBN.PR01.PR16._UPC correctly returned a sane
looking package.
PASSED: Test 105, \_SB_.PCI0.EUSB.HUBN.PR01.PR17._UPC correctly returned a sane
looking package.
PASSED: Test 105, \_SB_.PCI0.EUSB.HUBN.PR01.PR18._UPC correctly returned a sane
looking package.
PASSED: Test 105, \_SB_.PCI0.EUSB.HUBN.PR02._UPC correctly returned a sane
looking package.
PASSED: Test 105, \_SB_.PCI0.EUSB.HUBN.PR03._UPC correctly returned a sane
looking package.
PASSED: Test 105, \_SB_.PCI0.USBE.HUBN.PR01._UPC correctly returned a sane
looking package.
PASSED: Test 105, \_SB_.PCI0.USBE.HUBN.PR01.PR11._UPC correctly returned a sane
looking package.
PASSED: Test 105, \_SB_.PCI0.USBE.HUBN.PR01.PR12._UPC correctly returned a sane
looking package.
PASSED: Test 105, \_SB_.PCI0.USBE.HUBN.PR01.PR13._UPC correctly returned a sane
looking package.
PASSED: Test 105, \_SB_.PCI0.USBE.HUBN.PR01.PR14._UPC correctly returned a sane
looking package.
PASSED: Test 105, \_SB_.PCI0.USBE.HUBN.PR01.PR15._UPC correctly returned a sane
looking package.
PASSED: Test 105, \_SB_.PCI0.USBE.HUBN.PR01.PR16._UPC correctly returned a sane
looking package.
PASSED: Test 105, \_SB_.PCI0.USBE.HUBN.PR01.PR17._UPC correctly returned a sane
looking package.
PASSED: Test 105, \_SB_.PCI0.USBE.HUBN.PR01.PR18._UPC correctly returned a sane
looking package.
PASSED: Test 105, \_SB_.PCI0.USBE.HUBN.PR02._UPC correctly returned a sane
looking package.
PASSED: Test 105, \_SB_.PCI0.USBE.HUBN.PR03._UPC correctly returned a sane
looking package.

Test 106 of 191: Test _UPD (User Presence Detect).
SKIPPED: Test 106, Skipping test for non-existant object _UPD.

Test 107 of 191: Test _UPP (User Presence Polling).
SKIPPED: Test 107, Skipping test for non-existant object _UPP.

Test 108 of 191: Test _GCP (Get Capabilities).
SKIPPED: Test 108, Skipping test for non-existant object _GCP.

Test 109 of 191: Test _GRT (Get Real Time).
SKIPPED: Test 109, Skipping test for non-existant object _GRT.

Test 110 of 191: Test _GWS (Get Wake Status).
SKIPPED: Test 110, Skipping test for non-existant object _GWS.

Test 111 of 191: Test _CWS (Clear Wake Status).
SKIPPED: Test 111, Skipping test for non-existant object _CWS.

Test 112 of 191: Test _STP (Set Expired Timer Wake Policy).
SKIPPED: Test 112, Skipping test for non-existant object _STP.

Test 113 of 191: Test _STV (Set Timer Value).
SKIPPED: Test 113, Skipping test for non-existant object _STV.

Test 114 of 191: Test _TIP (Expired Timer Wake Policy).
SKIPPED: Test 114, Skipping test for non-existant object _TIP.

Test 115 of 191: Test _TIV (Timer Values).
SKIPPED: Test 115, Skipping test for non-existant object _TIV.

Test 116 of 191: Test _SBS (Smart Battery Subsystem).
SKIPPED: Test 116, Machine is not a mobile platform, skipping test for
non-existant mobile platform related object _SBS.

Test 117 of 191: Test _BCT (Battery Charge Time).
SKIPPED: Test 117, Machine is not a mobile platform, skipping test for
non-existant mobile platform related object _BCT.

Test 118 of 191: Test _BIF (Battery Information).
SKIPPED: Test 118, Machine is not a mobile platform, skipping test for
non-existant mobile platform related object _BIF.

Test 119 of 191: Test _BIX (Battery Information Extended).
SKIPPED: Test 119, Machine is not a mobile platform, skipping test for
non-existant mobile platform related object _BIX.

Test 120 of 191: Test _BMA (Battery Measurement Averaging).
SKIPPED: Test 120, Machine is not a mobile platform, skipping test for
non-existant mobile platform related object _BMA.

Test 121 of 191: Test _BMC (Battery Maintenance Control).
SKIPPED: Test 121, Machine is not a mobile platform, skipping test for
non-existant mobile platform related object _BMC.

Test 122 of 191: Test _BMD (Battery Maintenance Data).
SKIPPED: Test 122, Machine is not a mobile platform, skipping test for
non-existant mobile platform related object _BMD.

Test 123 of 191: Test _BMS (Battery Measurement Sampling Time).
SKIPPED: Test 123, Machine is not a mobile platform, skipping test for
non-existant mobile platform related object _BMS.

Test 124 of 191: Test _BST (Battery Status).
SKIPPED: Test 124, Machine is not a mobile platform, skipping test for
non-existant mobile platform related object _BST.

Test 125 of 191: Test _BTP (Battery Trip Point).
SKIPPED: Test 125, Machine is not a mobile platform, skipping test for
non-existant mobile platform related object _BTP.

Test 126 of 191: Test _BTH (Battery Throttle Limit).
SKIPPED: Test 126, Skipping test for non-existant object _BTH.

Test 127 of 191: Test _BTM (Battery Time).
SKIPPED: Test 127, Machine is not a mobile platform, skipping test for
non-existant mobile platform related object _BTM.

Test 128 of 191: Test _PCL (Power Consumer List).
SKIPPED: Test 128, Machine is not a mobile platform, skipping test for
non-existant mobile platform related object _PCL.

Test 129 of 191: Test _PIF (Power Source Information).
SKIPPED: Test 129, Skipping test for non-existant object _PIF.

Test 130 of 191: Test _PRL (Power Source Redundancy List).
SKIPPED: Test 130, Skipping test for non-existant object _PRL.

Test 131 of 191: Test _PSR (Power Source).
SKIPPED: Test 131, Skipping test for non-existant object _PSR.

Test 132 of 191: Test _GAI (Get Averaging Level).
SKIPPED: Test 132, Skipping test for non-existant object _GAI.

Test 133 of 191: Test _GHL (Get Harware Limit).
SKIPPED: Test 133, Skipping test for non-existant object _GHL.

Test 134 of 191: Test _PMD (Power Meter Devices).
SKIPPED: Test 134, Skipping test for non-existant object _PMD.

Test 135 of 191: Test _PMM (Power Meter Measurement).
SKIPPED: Test 135, Skipping test for non-existant object _PMM.

Test 136 of 191: Test _FIF (Fan Information).
SKIPPED: Test 136, Skipping test for non-existant object _FIF.

Test 137 of 191: Test _FPS (Fan Performance States).
SKIPPED: Test 137, Skipping test for non-existant object _FPS.

Test 138 of 191: Test _FSL (Fan Set Level).
SKIPPED: Test 138, Skipping test for non-existant object _FSL.

Test 139 of 191: Test _FST (Fan Status).
SKIPPED: Test 139, Skipping test for non-existant object _FST.

Test 140 of 191: Test _ACx (Active Cooling).
SKIPPED: Test 140, Skipping test for non-existant object _AC0.

SKIPPED: Test 140, Skipping test for non-existant object _AC1.

SKIPPED: Test 140, Skipping test for non-existant object _AC2.

SKIPPED: Test 140, Skipping test for non-existant object _AC3.

SKIPPED: Test 140, Skipping test for non-existant object _AC4.

SKIPPED: Test 140, Skipping test for non-existant object _AC5.

SKIPPED: Test 140, Skipping test for non-existant object _AC6.

SKIPPED: Test 140, Skipping test for non-existant object _AC7.

SKIPPED: Test 140, Skipping test for non-existant object _AC8.

SKIPPED: Test 140, Skipping test for non-existant object _AC9.


Test 141 of 191: Test _ART (Active Cooling Relationship Table).
SKIPPED: Test 141, Skipping test for non-existant object _ART.

Test 142 of 191: Test _CRT (Critical Trip Point).
SKIPPED: Test 142, Skipping test for non-existant object _CRT.

Test 143 of 191: Test _CR3 (Warm/Standby Temperature).
SKIPPED: Test 143, Skipping test for non-existant object _CR3.

Test 144 of 191: Test _DTI (Device Temperature Indication).
SKIPPED: Test 144, Skipping test for non-existant object _DTI.

Test 145 of 191: Test _HOT (Hot Temperature).
SKIPPED: Test 145, Skipping test for non-existant object _HOT.

Test 146 of 191: Test _MTL (Minimum Throttle Limit).
SKIPPED: Test 146, Skipping test for non-existant object _MTL.

Test 147 of 191: Test _NTT (Notification Temp Threshold).
SKIPPED: Test 147, Skipping test for non-existant object _NTT.

Test 148 of 191: Test _PSL (Passive List).
SKIPPED: Test 148, Skipping test for non-existant object _PSL.

Test 149 of 191: Test _PSV (Passive Temp).
SKIPPED: Test 149, Skipping test for non-existant object _PSV.

Test 150 of 191: Test _RTV (Relative Temp Values).
SKIPPED: Test 150, Skipping test for non-existant object _RTV.

Test 151 of 191: Test _SCP (Set Cooling Policy).
SKIPPED: Test 151, Skipping test for non-existant object _DTI.

Test 152 of 191: Test _TC1 (Thermal Constant 1).
SKIPPED: Test 152, Skipping test for non-existant object _TC1.

Test 153 of 191: Test _TC2 (Thermal Constant 2).
SKIPPED: Test 153, Skipping test for non-existant object _TC2.

Test 154 of 191: Test _TFP (Thermal fast Sampling Period).
SKIPPED: Test 154, Skipping test for non-existant object _TFP.

Test 155 of 191: Test _TMP (Thermal Zone Current Temp).
SKIPPED: Test 155, Skipping test for non-existant object _TMP.

Test 156 of 191: Test _TPT (Trip Point Temperature).
SKIPPED: Test 156, Skipping test for non-existant object _TPT.

Test 157 of 191: Test _TRT (Thermal Relationship Table).
SKIPPED: Test 157, Skipping test for non-existant object _TRT.

Test 158 of 191: Test _TSN (Thermal Sensor Device).
SKIPPED: Test 158, Skipping test for non-existant object _TSN.

Test 159 of 191: Test _TSP (Thermal Sampling Period).
SKIPPED: Test 159, Skipping test for non-existant object _TSP.

Test 160 of 191: Test _TST (Temperature Sensor Threshold).
SKIPPED: Test 160, Skipping test for non-existant object _TST.

Test 161 of 191: Test _TZD (Thermal Zone Devices).
SKIPPED: Test 161, Skipping test for non-existant object _TZD.

Test 162 of 191: Test _TZM (Thermal Zone member).
SKIPPED: Test 162, Skipping test for non-existant object _TZM.

Test 163 of 191: Test _TZP (Thermal Zone Polling).
SKIPPED: Test 163, Skipping test for non-existant object _TZP.

Test 164 of 191: Test _GPE (General Purpose Events).
SKIPPED: Test 164, Skipping test for non-existant object _GPE.

Test 165 of 191: Test _EC (EC Offset Query).
SKIPPED: Test 165, Skipping test for non-existant object _EC.

Test 166 of 191: Test _PTS (Prepare to Sleep).
Test _PTS(1).
PASSED: Test 166, \_PTS returned no values as expected.

Test _PTS(2).
PASSED: Test 166, \_PTS returned no values as expected.

Test _PTS(3).
PASSED: Test 166, \_PTS returned no values as expected.

Test _PTS(4).
PASSED: Test 166, \_PTS returned no values as expected.

Test _PTS(5).
PASSED: Test 166, \_PTS returned no values as expected.


Test 167 of 191: Test _TTS (Transition to State).
SKIPPED: Test 167, Optional control method _TTS does not exist.

Test 168 of 191: Test _S0 (System S0 State).
SKIPPED: Test 168, Skipping test for non-existant object _S0.

Test 169 of 191: Test _S1 (System S1 State).
SKIPPED: Test 169, Skipping test for non-existant object _S1.

Test 170 of 191: Test _S2 (System S2 State).
SKIPPED: Test 170, Skipping test for non-existant object _S2.

Test 171 of 191: Test _S3 (System S3 State).
SKIPPED: Test 171, Skipping test for non-existant object _S3.

Test 172 of 191: Test _S4 (System S4 State).
SKIPPED: Test 172, Skipping test for non-existant object _S4.

Test 173 of 191: Test _S5 (System S5 State).
SKIPPED: Test 173, Skipping test for non-existant object _S5.

Test 174 of 191: Test _WAK (System Wake).
Test _WAK(1) System Wake, State S1.
PASSED: Test 174, \_WAK correctly returned a sane looking package.

Test _WAK(2) System Wake, State S2.
PASSED: Test 174, \_WAK correctly returned a sane looking package.

Test _WAK(3) System Wake, State S3.
PASSED: Test 174, \_WAK correctly returned a sane looking package.

Test _WAK(4) System Wake, State S4.
PASSED: Test 174, \_WAK correctly returned a sane looking package.

Test _WAK(5) System Wake, State S5.
PASSED: Test 174, \_WAK correctly returned a sane looking package.


Test 175 of 191: Test _ADR (Return Unique ID for Device).
PASSED: Test 175, \_SB_.PCI0._ADR correctly returned an integer.
PASSED: Test 175, \_SB_.PCI0.P0P1._ADR correctly returned an integer.
PASSED: Test 175, \_SB_.PCI0.P0P3._ADR correctly returned an integer.
PASSED: Test 175, \_SB_.PCI0.P0P4._ADR correctly returned an integer.
PASSED: Test 175, \_SB_.PCI0.P0P5._ADR correctly returned an integer.
PASSED: Test 175, \_SB_.PCI0.P0P6._ADR correctly returned an integer.
PASSED: Test 175, \_SB_.PCI0.BR1E._ADR correctly returned an integer.
PASSED: Test 175, \_SB_.PCI0.SBRG._ADR correctly returned an integer.
PASSED: Test 175, \_SB_.PCI0.SATA._ADR correctly returned an integer.
PASSED: Test 175, \_SB_.PCI0.SATA.CHN0._ADR correctly returned an integer.
PASSED: Test 175, \_SB_.PCI0.SATA.CHN0.DRV0._ADR correctly returned an integer.
PASSED: Test 175, \_SB_.PCI0.SATA.CHN0.DRV1._ADR correctly returned an integer.
PASSED: Test 175, \_SB_.PCI0.SATA.CHN1._ADR correctly returned an integer.
PASSED: Test 175, \_SB_.PCI0.SATA.CHN1.DRV0._ADR correctly returned an integer.
PASSED: Test 175, \_SB_.PCI0.SATA.CHN1.DRV1._ADR correctly returned an integer.
PASSED: Test 175, \_SB_.PCI0.SAT1._ADR correctly returned an integer.
PASSED: Test 175, \_SB_.PCI0.SAT1.CHN0._ADR correctly returned an integer.
PASSED: Test 175, \_SB_.PCI0.SAT1.CHN0.DRV0._ADR correctly returned an integer.
PASSED: Test 175, \_SB_.PCI0.SAT1.CHN0.DRV1._ADR correctly returned an integer.
PASSED: Test 175, \_SB_.PCI0.SAT1.CHN1._ADR correctly returned an integer.
PASSED: Test 175, \_SB_.PCI0.SAT1.CHN1.DRV0._ADR correctly returned an integer.
PASSED: Test 175, \_SB_.PCI0.SAT1.CHN1.DRV1._ADR correctly returned an integer.
PASSED: Test 175, \_SB_.PCI0.EUSB._ADR correctly returned an integer.
PASSED: Test 175, \_SB_.PCI0.EUSB.HUBN._ADR correctly returned an integer.
PASSED: Test 175, \_SB_.PCI0.EUSB.HUBN.PR01._ADR correctly returned an integer.
PASSED: Test 175, \_SB_.PCI0.EUSB.HUBN.PR01.PR11._ADR correctly returned an
integer.
PASSED: Test 175, \_SB_.PCI0.EUSB.HUBN.PR01.PR12._ADR correctly returned an
integer.
PASSED: Test 175, \_SB_.PCI0.EUSB.HUBN.PR01.PR13._ADR correctly returned an
integer.
PASSED: Test 175, \_SB_.PCI0.EUSB.HUBN.PR01.PR14._ADR correctly returned an
integer.
PASSED: Test 175, \_SB_.PCI0.EUSB.HUBN.PR01.PR15._ADR correctly returned an
integer.
PASSED: Test 175, \_SB_.PCI0.EUSB.HUBN.PR01.PR16._ADR correctly returned an
integer.
PASSED: Test 175, \_SB_.PCI0.EUSB.HUBN.PR01.PR17._ADR correctly returned an
integer.
PASSED: Test 175, \_SB_.PCI0.EUSB.HUBN.PR01.PR18._ADR correctly returned an
integer.
PASSED: Test 175, \_SB_.PCI0.EUSB.HUBN.PR02._ADR correctly returned an integer.
PASSED: Test 175, \_SB_.PCI0.EUSB.HUBN.PR03._ADR correctly returned an integer.
PASSED: Test 175, \_SB_.PCI0.USB0._ADR correctly returned an integer.
PASSED: Test 175, \_SB_.PCI0.USB1._ADR correctly returned an integer.
PASSED: Test 175, \_SB_.PCI0.USB2._ADR correctly returned an integer.
PASSED: Test 175, \_SB_.PCI0.USB3._ADR correctly returned an integer.
PASSED: Test 175, \_SB_.PCI0.USBE._ADR correctly returned an integer.
PASSED: Test 175, \_SB_.PCI0.USBE.HUBN._ADR correctly returned an integer.
PASSED: Test 175, \_SB_.PCI0.USBE.HUBN.PR01._ADR correctly returned an integer.
PASSED: Test 175, \_SB_.PCI0.USBE.HUBN.PR01.PR11._ADR correctly returned an
integer.
PASSED: Test 175, \_SB_.PCI0.USBE.HUBN.PR01.PR12._ADR correctly returned an
integer.
PASSED: Test 175, \_SB_.PCI0.USBE.HUBN.PR01.PR13._ADR correctly returned an
integer.
PASSED: Test 175, \_SB_.PCI0.USBE.HUBN.PR01.PR14._ADR correctly returned an
integer.
PASSED: Test 175, \_SB_.PCI0.USBE.HUBN.PR01.PR15._ADR correctly returned an
integer.
PASSED: Test 175, \_SB_.PCI0.USBE.HUBN.PR01.PR16._ADR correctly returned an
integer.
PASSED: Test 175, \_SB_.PCI0.USBE.HUBN.PR01.PR17._ADR correctly returned an
integer.
PASSED: Test 175, \_SB_.PCI0.USBE.HUBN.PR01.PR18._ADR correctly returned an
integer.
PASSED: Test 175, \_SB_.PCI0.USBE.HUBN.PR02._ADR correctly returned an integer.
PASSED: Test 175, \_SB_.PCI0.USBE.HUBN.PR03._ADR correctly returned an integer.
PASSED: Test 175, \_SB_.PCI0.USB4._ADR correctly returned an integer.
PASSED: Test 175, \_SB_.PCI0.USB5._ADR correctly returned an integer.
PASSED: Test 175, \_SB_.PCI0.USB6._ADR correctly returned an integer.
PASSED: Test 175, \_SB_.PCI0.BR20._ADR correctly returned an integer.
PASSED: Test 175, \_SB_.PCI0.BR21._ADR correctly returned an integer.
PASSED: Test 175, \_SB_.PCI0.BR22._ADR correctly returned an integer.
PASSED: Test 175, \_SB_.PCI0.BR23._ADR correctly returned an integer.
PASSED: Test 175, \_SB_.PCI0.BR24._ADR correctly returned an integer.
PASSED: Test 175, \_SB_.PCI0.BR25._ADR correctly returned an integer.
PASSED: Test 175, \_SB_.PCI0.BR26._ADR correctly returned an integer.
PASSED: Test 175, \_SB_.PCI0.BR27._ADR correctly returned an integer.
PASSED: Test 175, \_SB_.PCI0.GBE_._ADR correctly returned an integer.
PASSED: Test 175, \_SB_.PCI0.GFX0._ADR correctly returned an integer.

Test 176 of 191: Test _BCL (Query List of Brightness Control Levels Supported).
SKIPPED: Test 176, Skipping test for non-existant object _BCL.

Test 177 of 191: Test _BCM (Set Brightness Level).
SKIPPED: Test 177, Skipping test for non-existant object _BCM.

Test 178 of 191: Test _BQC (Brightness Query Current Level).
SKIPPED: Test 178, Skipping test for non-existant object _BQC.

Test 179 of 191: Test _DCS (Return the Status of Output Device).
SKIPPED: Test 179, Skipping test for non-existant object _DCS.

Test 180 of 191: Test _DDC (Return the EDID for this Device).
SKIPPED: Test 180, Skipping test for non-existant object _DDC.

Test 181 of 191: Test _DSS (Device Set State).
SKIPPED: Test 181, Skipping test for non-existant object _DSS.

Test 182 of 191: Test _DGS (Query Graphics State).
SKIPPED: Test 182, Skipping test for non-existant object _DGS.

Test 183 of 191: Test _DOD (Enumerate All Devices Attached to Display Adapter).
SKIPPED: Test 183, Skipping test for non-existant object _DOD.

Test 184 of 191: Test _DOS (Enable/Disable Output Switching).
SKIPPED: Test 184, Skipping test for non-existant object _DOS.

Test 185 of 191: Test _GPD (Get POST Device).
SKIPPED: Test 185, Skipping test for non-existant object _GPD.

Test 186 of 191: Test _ROM (Get ROM Data).
SKIPPED: Test 186, Skipping test for non-existant object _ROM.

Test 187 of 191: Test _SPD (Set POST Device).
SKIPPED: Test 187, Skipping test for non-existant object _SPD.

Test 188 of 191: Test _VPO (Video POST Options).
SKIPPED: Test 188, Skipping test for non-existant object _VPO.

Test 189 of 191: Test _CBA (Configuration Base Address).
SKIPPED: Test 189, Skipping test for non-existant object _CBA.

Test 190 of 191: Test _IFT (IPMI Interface Type).
SKIPPED: Test 190, Skipping test for non-existant object _IFT.

Test 191 of 191: Test _SRV (IPMI Interface Revision).
SKIPPED: Test 191, Skipping test for non-existant object _SRV.

================================================================================
300 passed, 8 failed, 0 warning, 0 aborted, 178 skipped, 0 info only.
================================================================================

msdm: MSDM Microsoft Data Management Table test.
--------------------------------------------------------------------------------
ACPI MSDM table does not exist, skipping test
================================================================================
0 passed, 0 failed, 0 warning, 0 aborted, 1 skipped, 0 info only.
================================================================================

mchi: MCHI Management Controller Host Interface Table test.
--------------------------------------------------------------------------------
ACPI MCHI table does not exist, skipping test
================================================================================
0 passed, 0 failed, 0 warning, 0 aborted, 1 skipped, 0 info only.
================================================================================

mcfg: MCFG PCI Express* memory mapped config space test.
--------------------------------------------------------------------------------
Test 1 of 2: Validate MCFG table.
This test tries to validate the MCFG table by comparing the first 16 bytes in
the MMIO mapped config space with the 'traditional' config space of the first
PCI device (root bridge). The MCFG data is only trusted if it is marked reserved
in the Int 15 AX=E820 BIOS memory map

Memory Map Layout
-----------------
0x0000000000000000 - 0x000000000009e7ff (System RAM)
0x000000000009e800 - 0x000000000009ffff (reserved)
0x00000000000e8000 - 0x00000000000fffff (reserved)
0x0000000000100000 - 0x00000000bf77ffff (System RAM)
0x00000000bf780000 - 0x00000000bf78dfff (ACPI Non-volatile Storage)
0x00000000bf78e000 - 0x00000000bf7cffff (ACPI Non-volatile Storage)
0x00000000bf7d0000 - 0x00000000bf7dffff (reserved)
0x00000000bf7ed000 - 0x00000000bfffffff (reserved)
0x00000000fee00000 - 0x00000000fee00fff (reserved)
0x00000000ffb00000 - 0x00000000ffffffff (reserved)
0x0000000100000000 - 0x000000033fffffff (System RAM)

MCFG table found, size is 16 bytes (excluding header) (1 entries).
Configuration Entry #0:
  Base Address  : 0xe0000000
  Segment       : 0
  Start bus     : 0
  End bus       : 255
FAILED [LOW] MCFGMMIONotReserved: Test 1, MCFG MMIO config space at 0xe0000000
is not reserved in the memory map table

ADVICE: The PCI Express specification states that the PCI Express configuration
space should be defined in the MCFG table and *maybe* optionally defined in the
Int 15 AX=E820 BIOS memory map if ACPI MCFG is present. Linux checks if the
region is reserved in the memory map table and will reject the MMCONFIG if there
is a discrepency between MCFG and the memory map table for the PCI Express
region. [See arch/x86/pci/mmconfig-shared.c pci_mmcfg_reject_broken()]. It is
recommended that this is defined in the Int 15 AX=E820 BIOS memory map table for
Linux.


Test 2 of 2: Validate MCFG PCI config space.
PASSED: Test 2, PCI config space verified.

================================================================================
1 passed, 1 failed, 0 warning, 0 aborted, 0 skipped, 0 info only.
================================================================================

madt: MADT Multiple APIC Description Table test.
--------------------------------------------------------------------------------
Test 1 of 1: MADT Multiple APIC Description Table test.
PASSED: Test 1, No issues found in MADT table.

================================================================================
1 passed, 0 failed, 0 warning, 0 aborted, 0 skipped, 0 info only.
================================================================================

lpit: LPIT Low Power Idle Table test.
--------------------------------------------------------------------------------
ACPI LPIT table does not exist, skipping test
================================================================================
0 passed, 0 failed, 0 warning, 0 aborted, 1 skipped, 0 info only.
================================================================================

iort: IORT IO Remapping Table test.
--------------------------------------------------------------------------------
ACPI IORT table does not exist, skipping test
================================================================================
0 passed, 0 failed, 0 warning, 0 aborted, 1 skipped, 0 info only.
================================================================================

hpet: HPET IA-PC High Precision Event Timer Table tests.
--------------------------------------------------------------------------------
Test 1 of 4: Test HPET base in kernel log.
This test checks the HPET PCI BAR for each timer block in the timer. The base
address is passed by the firmware via an ACPI table. IRQ routing and
initialization is also verified by the test.
PASSED: Test 1, Found HPET base 0xfed00000 in kernel log.

Test 2 of 4: Test HPET base in HPET table.
Hardware ID of Event Block:
  PCI Vendor ID              : 0x8086
  Legacy IRQ Routing Capable : 1
  COUNT_SIZE_CAP counter size: 1
  Number of comparitors      : 7
  Hardwre Revision ID        : 0x1
Lower 32 bit base Address    : 0xfed00000
  Address Space ID           : 0x0
  Register Bit Width         : 0x8
  Register Bit Offset        : 0x0
  Address Width              : 0x0
HPET sequence number         : 0x0
Minimum clock tick           : 0x37ee
Page Protection              : 0x0 (No guaranteed protection)
OEM attributes               : 0x0
PASSED: Test 2, HPET looks sane.

Test 3 of 4: Test HPET base in DSDT and/or SSDT.
PASSED: Test 3, HPET base matches that between DSDT and the kernel (0xfed00000).

Test 4 of 4: Test HPET configuration.
PASSED: Test 4, Vendor ID looks sane: 0x8086.
PASSED: Test 4, Valid clock period 69841279.

================================================================================
5 passed, 0 failed, 0 warning, 0 aborted, 0 skipped, 0 info only.
================================================================================

hest: HEST Hardware Error Source Table test.
--------------------------------------------------------------------------------
ACPI HEST table does not exist, skipping test
================================================================================
0 passed, 0 failed, 0 warning, 0 aborted, 1 skipped, 0 info only.
================================================================================

gtdt: GTDT Generic Timer Description Table test.
--------------------------------------------------------------------------------
ACPI GTDT table does not exist, skipping test
================================================================================
0 passed, 0 failed, 0 warning, 0 aborted, 1 skipped, 0 info only.
================================================================================

fpdt: FPDT Firmware Performance Data Table test.
--------------------------------------------------------------------------------
ACPI FPDT table does not exist, skipping test
================================================================================
0 passed, 0 failed, 0 warning, 0 aborted, 1 skipped, 0 info only.
================================================================================

fan: Simple fan tests.
--------------------------------------------------------------------------------
Test 1 of 2: Test fan status.
Test how many fans there are in the system. Check for the current status of the
fan(s).
PASSED: Test 1, Fan cooling_device0 of type Processor has max cooling state 0
and current cooling state 0.
PASSED: Test 1, Fan cooling_device1 of type Processor has max cooling state 0
and current cooling state 0.
PASSED: Test 1, Fan cooling_device2 of type Processor has max cooling state 0
and current cooling state 0.
PASSED: Test 1, Fan cooling_device3 of type Processor has max cooling state 0
and current cooling state 0.
PASSED: Test 1, Fan cooling_device4 of type Processor has max cooling state 0
and current cooling state 0.
PASSED: Test 1, Fan cooling_device5 of type Processor has max cooling state 0
and current cooling state 0.
PASSED: Test 1, Fan cooling_device6 of type Processor has max cooling state 0
and current cooling state 0.
PASSED: Test 1, Fan cooling_device7 of type Processor has max cooling state 0
and current cooling state 0.

Test 2 of 2: Load system, check CPU fan status.
Test how many fans there are in the system. Check for the current status of the
fan(s).
Loading CPUs for 20 seconds to try and get fan speeds to change.
Fan cooling_device0 current state did not change from value 0 while CPUs were
busy.
Fan cooling_device1 current state did not change from value 0 while CPUs were
busy.
Fan cooling_device2 current state did not change from value 0 while CPUs were
busy.
Fan cooling_device3 current state did not change from value 0 while CPUs were
busy.
Fan cooling_device4 current state did not change from value 0 while CPUs were
busy.
Fan cooling_device5 current state did not change from value 0 while CPUs were
busy.
Fan cooling_device6 current state did not change from value 0 while CPUs were
busy.
Fan cooling_device7 current state did not change from value 0 while CPUs were
busy.

ADVICE: Did not detect any change in the CPU related thermal cooling device
states. It could be that the devices are returning static information back to
the driver and/or the fan speed is automatically being controlled by firmware
using System Management Mode in which case the kernel interfaces being examined
may not work anyway.


================================================================================
8 passed, 0 failed, 0 warning, 0 aborted, 0 skipped, 0 info only.
================================================================================

fadt: FADT Fixed ACPI Description Table tests.
--------------------------------------------------------------------------------
Test 1 of 3: Test FADT ACPI Description Table tests.
PASSED: Test 1, No issues found in FADT table.

Test 2 of 3: Test FADT SCI_EN bit is enabled.
FADT Preferred PM Profile: 0 (Unspecified) 
PASSED: Test 2, SCI_EN bit in PM1a Control Register Block is enabled.

Test 3 of 3: Test FADT reset register.
SKIPPED: Test 3, Header size indicates an ACPI 1.0 FADT, skipping test.

================================================================================
2 passed, 0 failed, 0 warning, 0 aborted, 1 skipped, 0 info only.
================================================================================

facs: FACS Firmware ACPI Control Structure test.
--------------------------------------------------------------------------------
Test 1 of 1: FACS Firmware ACPI Control Structure test.
FACS Firmware ACPI Control Structure:
  Signature:                'FACS'
  Length:                   0x00000040
  Hardware Signature:       0x00000000
  Firmware Waking Vector:   0x00000000
  Global Lock:              0x00000000
  Flags:                    0x00000000
  X-Firmware Waking Vector: 0x0000000000000000
  Version:                  0x01
  Reserved:                 0x00 0x00 0x00
  OSPM Flags:               0x00000000
  Reserved:                 0x00 0x00 0x00 0x00
  Reserved:                 0x00 0x00 0x00 0x00
  Reserved:                 0x00 0x00 0x00 0x00
  Reserved:                 0x00 0x00 0x00 0x00
  Reserved:                 0x00 0x00 0x00 0x00
  Reserved:                 0x00 0x00 0x00 0x00
PASSED: Test 1, No issues found in FACS table.

================================================================================
1 passed, 0 failed, 0 warning, 0 aborted, 0 skipped, 0 info only.
================================================================================

erst: ERST Error Record Serialization Table test.
--------------------------------------------------------------------------------
ACPI ERST table does not exist, skipping test
================================================================================
0 passed, 0 failed, 0 warning, 0 aborted, 1 skipped, 0 info only.
================================================================================

ecdt: ECDT Embedded Controller Boot Resources Table test.
--------------------------------------------------------------------------------
ACPI ECDT table does not exist, skipping test
================================================================================
0 passed, 0 failed, 0 warning, 0 aborted, 1 skipped, 0 info only.
================================================================================

dmar: DMA Remapping (VT-d) test.
--------------------------------------------------------------------------------
Test 1 of 1: DMA Remapping test.
SKIPPED: Test 1, No DMAR table. This is not necessarily a failure as most
systems do not have this table.

================================================================================
0 passed, 0 failed, 0 warning, 0 aborted, 1 skipped, 0 info only.
================================================================================

dbg2: DBG2 (Debug Port Table 2) test.
--------------------------------------------------------------------------------
ACPI DBG2 table does not exist, skipping test
================================================================================
0 passed, 0 failed, 0 warning, 0 aborted, 1 skipped, 0 info only.
================================================================================

dbgp: DBGP (Debug Port) Table test.
--------------------------------------------------------------------------------
ACPI DBGP table does not exist, skipping test
================================================================================
0 passed, 0 failed, 0 warning, 0 aborted, 1 skipped, 0 info only.
================================================================================

cstates: Processor C state support test.
--------------------------------------------------------------------------------
Test 1 of 1: Test all CPUs C-states.
This test checks if all processors have the same number of C-states, if the
C-state counter works and if C-state transitions happen.
Processor 0 has not reached C1 during tests. This is not a failure, however it
is not a complete and thorough test.
Processor 1 has not reached C1 during tests. This is not a failure, however it
is not a complete and thorough test.
PASSED: Test 1, Processor 1 has the same number of C-states as processor 0
Processor 2 has not reached C1 during tests. This is not a failure, however it
is not a complete and thorough test.
PASSED: Test 1, Processor 2 has the same number of C-states as processor 0
Processor 3 has not reached C1 during tests. This is not a failure, however it
is not a complete and thorough test.
PASSED: Test 1, Processor 3 has the same number of C-states as processor 0
Processor 4 has not reached C1 C3 during tests. This is not a failure, however
it is not a complete and thorough test.
PASSED: Test 1, Processor 4 has the same number of C-states as processor 0
Processor 5 has not reached C1 C3 during tests. This is not a failure, however
it is not a complete and thorough test.
PASSED: Test 1, Processor 5 has the same number of C-states as processor 0
Processor 6 has not reached C1 C3 during tests. This is not a failure, however
it is not a complete and thorough test.
PASSED: Test 1, Processor 6 has the same number of C-states as processor 0
Processor 7 has not reached C1 C3 during tests. This is not a failure, however
it is not a complete and thorough test.
PASSED: Test 1, Processor 7 has the same number of C-states as processor 0

================================================================================
7 passed, 0 failed, 0 warning, 0 aborted, 0 skipped, 0 info only.
================================================================================

csrt: CSRT Core System Resource Table test.
--------------------------------------------------------------------------------
ACPI CSRT table does not exist, skipping test
================================================================================
0 passed, 0 failed, 0 warning, 0 aborted, 1 skipped, 0 info only.
================================================================================

cpep: CPEP Corrected Platform Error Polling Table test.
--------------------------------------------------------------------------------
ACPI CPEP table does not exist, skipping test
================================================================================
0 passed, 0 failed, 0 warning, 0 aborted, 1 skipped, 0 info only.
================================================================================

checksum: ACPI table checksum test.
--------------------------------------------------------------------------------
Test 1 of 1: ACPI table checksum test.
PASSED: Test 1, Table RSDP has correct checksum 0xff.
PASSED: Test 1, Table RSDT has correct checksum 0xc9
PASSED: Test 1, Table DSDT has correct checksum 0x23
PASSED: Test 1, Table FACP has correct checksum 0x18
PASSED: Test 1, Table APIC has correct checksum 0xed
PASSED: Test 1, Table MCFG has correct checksum 0xd1
PASSED: Test 1, Table SLIC has correct checksum 0x59
FAILED [MEDIUM] ACPITableChecksum: Test 1, Table OEMB has incorrect checksum,
expected 0xab, got 0xac.

ADVICE: The kernel will warn that this table has an invalid checksum but will
ignore the error and still load it. This is not a critical issue, but should be
fixed if possible to avoid the warning messages.

PASSED: Test 1, Table HPET has correct checksum 0xf7
PASSED: Test 1, Table GSCI has correct checksum 0x7c

================================================================================
9 passed, 1 failed, 0 warning, 0 aborted, 0 skipped, 0 info only.
================================================================================

autobrightness: Automated LCD brightness test.
--------------------------------------------------------------------------------
Test 1 of 2: Test for maximum and actual brightness.

Test 2 of 2: Change actual brightness.

================================================================================
0 passed, 0 failed, 0 warning, 0 aborted, 0 skipped, 0 info only.
================================================================================

boot: BOOT Table test.
--------------------------------------------------------------------------------
ACPI BOOT table does not exist, skipping test
================================================================================
0 passed, 0 failed, 0 warning, 0 aborted, 1 skipped, 0 info only.
================================================================================

bgrt: BGRT Boot Graphics Resource Table test.
--------------------------------------------------------------------------------
ACPI BGRT table does not exist, skipping test
================================================================================
0 passed, 0 failed, 0 warning, 0 aborted, 1 skipped, 0 info only.
================================================================================

bert: BERT Boot Error Record Table test.
--------------------------------------------------------------------------------
ACPI BERT table does not exist, skipping test
================================================================================
0 passed, 0 failed, 0 warning, 0 aborted, 1 skipped, 0 info only.
================================================================================

aspt: ASPT Table test.
--------------------------------------------------------------------------------
ACPI ASPT table does not exist, skipping test
================================================================================
0 passed, 0 failed, 0 warning, 0 aborted, 1 skipped, 0 info only.
================================================================================

asf: ASF! Alert Standard Format Table test.
--------------------------------------------------------------------------------
ACPI ASF! table does not exist, skipping test
================================================================================
0 passed, 0 failed, 0 warning, 0 aborted, 1 skipped, 0 info only.
================================================================================

apicinstance: Test for single instance of APIC/MADT table.
--------------------------------------------------------------------------------
Test 1 of 1: Test for single instance of APIC/MADT table.
Found APIC/MADT table APIC @ bf780390, length 0x140 
PASSED: Test 1, Found 1 APIC/MADT table(s), as expected.

================================================================================
1 passed, 0 failed, 0 warning, 0 aborted, 0 skipped, 0 info only.
================================================================================

acpitables: ACPI table headers sanity tests.
--------------------------------------------------------------------------------
Test 1 of 1: Test ACPI headers.
PASSED: Test 1, Table RSDT has valid signature and ID strings.
PASSED: Test 1, Table DSDT has valid signature and ID strings.
PASSED: Test 1, Table FACP has valid signature and ID strings.
PASSED: Test 1, Table APIC has valid signature and ID strings.
PASSED: Test 1, Table MCFG has valid signature and ID strings.
PASSED: Test 1, Table SLIC has valid signature and ID strings.
PASSED: Test 1, Table OEMB has valid signature and ID strings.
PASSED: Test 1, Table HPET has valid signature and ID strings.
PASSED: Test 1, Table GSCI has valid signature and ID strings.

================================================================================
9 passed, 0 failed, 0 warning, 0 aborted, 0 skipped, 0 info only.
================================================================================


512 passed, 87 failed, 8 warnings, 62 aborted, 214 skipped, 10 info only.

Test Failure Summary
================================================================================

Critical failures: NONE

High failures: 30
 syntaxcheck: Assembler error in line 5285
 syntaxcheck: Assembler error in line 5322
 syntaxcheck: Assembler error in line 5361
 syntaxcheck: Assembler error in line 5400
 syntaxcheck: Assembler error in line 5439
 syntaxcheck: Assembler error in line 5478
 syntaxcheck: Assembler error in line 5517
 syntaxcheck: Assembler error in line 5556
 syntaxcheck: Assembler error in line 5595
 syntaxcheck: Assembler error in line 5635
 syntaxcheck: Assembler error in line 5674
 syntaxcheck: Assembler error in line 5886
 syntaxcheck: Assembler error in line 5923
 syntaxcheck: Assembler error in line 5962
 syntaxcheck: Assembler error in line 6001
 syntaxcheck: Assembler error in line 6040
 syntaxcheck: Assembler error in line 6079
 syntaxcheck: Assembler error in line 6118
 syntaxcheck: Assembler error in line 6157
 syntaxcheck: Assembler error in line 6196
 syntaxcheck: Assembler error in line 6236
 syntaxcheck: Assembler error in line 6275
 method: Detected error 'Incorrect operand value' when evaluating '\_SB_.PCI0.SATA.CHN0.DRV0._GTF'.
 method: Detected error 'Incorrect operand value' when evaluating '\_SB_.PCI0.SATA.CHN0.DRV1._GTF'.
 method: Detected error 'Incorrect operand value' when evaluating '\_SB_.PCI0.SATA.CHN1.DRV0._GTF'.
 method: Detected error 'Incorrect operand value' when evaluating '\_SB_.PCI0.SATA.CHN1.DRV1._GTF'.
 method: Detected error 'Incorrect operand value' when evaluating '\_SB_.PCI0.SAT1.CHN0.DRV0._GTF'.
 method: Detected error 'Incorrect operand value' when evaluating '\_SB_.PCI0.SAT1.CHN0.DRV1._GTF'.
 method: Detected error 'Incorrect operand value' when evaluating '\_SB_.PCI0.SAT1.CHN1.DRV0._GTF'.
 method: Detected error 'Incorrect operand value' when evaluating '\_SB_.PCI0.SAT1.CHN1.DRV1._GTF'.

Medium failures: 16
 cpufreq: Can't set CPU frequencies
 apicedge: Non-Legacy interrupt 0 is incorrectly level triggered.
 apicedge: Non-Legacy interrupt 1 is incorrectly level triggered.
 apicedge: Non-Legacy interrupt 4 is incorrectly level triggered.
 apicedge: Non-Legacy interrupt 8 is incorrectly level triggered.
 apicedge: Non-Legacy interrupt 12 is incorrectly level triggered.
 syntaxcheck: Assembler warning in line 261
 syntaxcheck: Assembler warning in line 7067
 syntaxcheck: Assembler warning in line 7081
 syntaxcheck: Assembler warning in line 7096
 syntaxcheck: Assembler warning in line 7111
 syntaxcheck: Assembler warning in line 7125
 syntaxcheck: Assembler warning in line 7140
 syntaxcheck: Assembler warning in line 7155
 syntaxcheck: Assembler warning in line 7169
 checksum: Table OEMB has incorrect checksum, expected 0xab, got 0xac.

Low failures: 34
 dmicheck: String index 0x04 in table entry 'Processor Information (Type 4)' @ 0x000fd08b, field 'Serial Number', offset 0x20 has a default value 'To Be Filled By O.E.M.' and probably has not been updated by the BIOS vendor.
 dmicheck: String index 0x05 in table entry 'Processor Information (Type 4)' @ 0x000fd08b, field 'Asset Tag', offset 0x21 has a default value 'To Be Filled By O.E.M.' and probably has not been updated by the BIOS vendor.
 dmicheck: String index 0x06 in table entry 'Processor Information (Type 4)' @ 0x000fd08b, field 'Part Number', offset 0x22 has a default value 'To Be Filled By O.E.M.' and probably has not been updated by the BIOS vendor.
 dmicheck: String index 0x05 in table entry 'Memory Device (Type 17)' @ 0x000fd259, field 'Asset Tag', offset 0x19 has a default value 'AssetTagNum0' and probably has not been updated by the BIOS vendor.
 dmicheck: String index 0x04 in table entry 'Memory Device (Type 17)' @ 0x000fd2cf, field 'Serial Number', offset 0x18 has a default value 'SerNum01' and probably has not been updated by the BIOS vendor.
 dmicheck: String index 0x05 in table entry 'Memory Device (Type 17)' @ 0x000fd2cf, field 'Asset Tag', offset 0x19 has a default value 'AssetTagNum1' and probably has not been updated by the BIOS vendor.
 dmicheck: String index 0x04 in table entry 'Memory Device (Type 17)' @ 0x000fd345, field 'Serial Number', offset 0x18 has a default value '00000000' and probably has not been updated by the BIOS vendor.
 dmicheck: String index 0x05 in table entry 'Memory Device (Type 17)' @ 0x000fd345, field 'Asset Tag', offset 0x19 has a default value 'AssetTagNum2' and probably has not been updated by the BIOS vendor.
 dmicheck: String index 0x04 in table entry 'Memory Device (Type 17)' @ 0x000fd3bb, field 'Serial Number', offset 0x18 has a default value 'SerNum03' and probably has not been updated by the BIOS vendor.
 dmicheck: String index 0x05 in table entry 'Memory Device (Type 17)' @ 0x000fd3bb, field 'Asset Tag', offset 0x19 has a default value 'AssetTagNum3' and probably has not been updated by the BIOS vendor.
 syntaxcheck: Assembler remark in line 117
 syntaxcheck: Assembler remark in line 122
 syntaxcheck: Assembler remark in line 143
 syntaxcheck: Assembler remark in line 184
 syntaxcheck: Assembler remark in line 1799
 syntaxcheck: Assembler remark in line 1803
 syntaxcheck: Assembler remark in line 1912
 syntaxcheck: Assembler remark in line 1922
 syntaxcheck: Assembler remark in line 2410
 syntaxcheck: Assembler remark in line 3019
 syntaxcheck: Assembler remark in line 3544
 syntaxcheck: Assembler remark in line 3593
 syntaxcheck: Assembler remark in line 3788
 syntaxcheck: Assembler remark in line 3789
 syntaxcheck: Assembler remark in line 4227
 syntaxcheck: Assembler remark in line 4949
 syntaxcheck: Assembler remark in line 7065
 syntaxcheck: Assembler remark in line 7079
 syntaxcheck: Assembler remark in line 7094
 syntaxcheck: Assembler remark in line 7109
 syntaxcheck: Assembler remark in line 7123
 syntaxcheck: Assembler remark in line 7138
 syntaxcheck: Assembler remark in line 7153
 mcfg: MCFG MMIO config space at 0xe0000000 is not reserved in the memory map table

Other failures: NONE

Test           |Pass |Fail |Abort|Warn |Skip |Info |
---------------+-----+-----+-----+-----+-----+-----+
acpiinfo       |     |     |     |     |     |    3|
acpitables     |    9|     |     |     |     |     |
apicedge       |     |    5|     |     |     |     |
apicinstance   |    1|     |     |     |     |     |
asf            |     |     |     |     |    1|     |
aspm           |    2|     |     |    8|     |     |
aspt           |     |     |     |     |    1|     |
autobrightness |     |     |     |     |     |     |
bert           |     |     |     |     |    1|     |
bgrt           |     |     |     |     |    1|     |
bios32         |     |     |     |     |     |     |
bios_info      |     |     |     |     |     |    1|
boot           |     |     |     |     |    1|     |
checksum       |    9|    1|     |     |     |     |
cpep           |     |     |     |     |    1|     |
cpufreq        |    4|    1|     |     |    2|     |
crs            |    1|     |     |     |     |     |
csm            |     |     |     |     |     |    1|
csrt           |     |     |     |     |    1|     |
cstates        |    7|     |     |     |     |     |
dbg2           |     |     |     |     |    1|     |
dbgp           |     |     |     |     |    1|     |
dmar           |     |     |     |     |    1|     |
dmicheck       |   29|   10|     |     |    1|     |
ebda           |    1|     |     |     |     |     |
ecdt           |     |     |     |     |    1|     |
erst           |     |     |     |     |    1|     |
facs           |    1|     |     |     |     |     |
fadt           |    2|     |     |     |    1|     |
fan            |    8|     |     |     |     |     |
fpdt           |     |     |     |     |    1|     |
gtdt           |     |     |     |     |    1|     |
hda_audio      |    2|     |     |     |     |     |
hest           |     |     |     |     |    1|     |
hpet           |    5|     |     |     |     |     |
iort           |     |     |     |     |    1|     |
klog           |    1|     |     |     |     |     |
lpit           |     |     |     |     |    1|     |
madt           |    1|     |     |     |     |     |
maxfreq        |    1|     |     |     |     |     |
maxreadreq     |    1|     |     |     |     |     |
mcfg           |    1|    1|     |     |     |     |
mchi           |     |     |     |     |    1|     |
method         |  300|    8|     |     |  178|     |
microcode      |     |     |     |     |    1|     |
mpcheck        |    9|     |     |     |     |     |
msdm           |     |     |     |     |    1|     |
msr            |   95|     |     |     |     |     |
mtrr           |    2|     |     |     |    1|     |
nx             |    3|     |     |     |     |     |
oops           |    2|     |     |     |     |     |
osilinux       |    1|     |     |     |     |     |
pcc            |     |     |     |     |     |    1|
pciirq         |    4|     |     |     |     |     |
pnp            |    2|     |     |     |     |     |
rsdp           |    1|     |     |     |     |     |
rsdt           |    1|     |     |     |     |     |
sbst           |     |     |     |     |    1|     |
securebootcert |     |     |     |     |    1|     |
slic           |    1|     |     |     |     |     |
slit           |     |     |     |     |    1|     |
spcr           |     |     |     |     |    1|     |
spmi           |     |     |     |     |    1|     |
srat           |     |     |     |     |    1|     |
stao           |     |     |     |     |    1|     |
syntaxcheck    |     |   61|     |     |     |     |
tcpa           |     |     |    1|     |     |     |
tpm2           |     |     |    1|     |     |     |
uefi           |     |     |     |     |    1|     |
uefibootpath   |     |     |    1|     |     |     |
uefirtauthvar  |     |     |   12|     |     |     |
uefirtmisc     |     |     |    3|     |     |     |
uefirttime     |     |     |   35|     |     |     |
uefirtvariable |     |     |    8|     |     |     |
version        |     |     |     |     |     |    4|
virt           |    1|     |     |     |     |     |
waet           |     |     |     |     |    1|     |
wakealarm      |    4|     |     |     |     |     |
wdat           |     |     |     |     |    1|     |
wmi            |     |     |     |     |     |     |
xenv           |     |     |    1|     |     |     |
xsdt           |     |     |     |     |    1|     |
---------------+-----+-----+-----+-----+-----+-----+
Total:         |  512|   87|   62|    8|  214|   10|
---------------+-----+-----+-----+-----+-----+-----+
